"../../../Engine/Content/Functions/Engine_MaterialFunctions01/Shading/PowerToRoughness.uasset" 0
"../../../Engine/Content/Functions/Engine_MaterialFunctions01/Shading/PowerToRoughness.uexp" 1
"../../../Engine/Content/MapTemplates/Sky/DaylightAmbientCubemap.uasset" 2
"../../../Engine/Content/MapTemplates/Sky/DaylightAmbientCubemap.uexp" 3
"../../../Engine/Content/VREditor/LaserPointer/VR_LaserPower_01.uasset" 4
"../../../Engine/Content/VREditor/LaserPointer/VR_LaserPower_01.uexp" 5
"../../../Engine/Content/VREditor/LaserPointer/VR_LaserPower_01.ubulk" 6
"../../../Engine/Content/VREditor/TransformGizmo/TransformGizmoMaterial.uasset" 7
"../../../Engine/Content/VREditor/TransformGizmo/TransformGizmoMaterial.uexp" 8
"../../../Engine/Content/VREditor/TransformGizmo/TranslucentTransformGizmoMaterial.uasset" 9
"../../../Engine/Content/VREditor/TransformGizmo/TranslucentTransformGizmoMaterial.uexp" 10
"../../../Engine/Content/VREditor/TransformGizmo/PlaneTranslationHandle.uasset" 11
"../../../Engine/Content/VREditor/TransformGizmo/PlaneTranslationHandle.uexp" 12
"../../../Engine/Content/VREditor/TransformGizmo/Xray.uasset" 13
"../../../Engine/Content/VREditor/TransformGizmo/Xray.uexp" 14
"../../../Engine/Content/VREditor/TransformGizmo/Main.uasset" 15
"../../../Engine/Content/VREditor/TransformGizmo/Main.uexp" 16
"../../../Engine/Content/VREditor/TransformGizmo/SM_Sequencer_Node.uasset" 17
"../../../Engine/Content/VREditor/TransformGizmo/SM_Sequencer_Node.uexp" 18
"../../../Engine/Content/VREditor/TransformGizmo/SM_Sequencer_Key.uasset" 19
"../../../Engine/Content/VREditor/TransformGizmo/SM_Sequencer_Key.uexp" 20
"../../../Engine/Content/VREditor/TransformGizmo/BoundingBoxCorner.uasset" 21
"../../../Engine/Content/VREditor/TransformGizmo/BoundingBoxCorner.uexp" 22
"../../../Engine/Content/VREditor/TransformGizmo/BoundingBoxEdge.uasset" 23
"../../../Engine/Content/VREditor/TransformGizmo/BoundingBoxEdge.uexp" 24
"../../../Engine/Content/Maps/Templates/Thumbnails/Default.uasset" 25
"../../../Engine/Content/Maps/Templates/Thumbnails/Default.uexp" 26
"../../../Engine/Content/Maps/Templates/Thumbnails/VR-Basic.uasset" 27
"../../../Engine/Content/Maps/Templates/Thumbnails/VR-Basic.uexp" 28
"../../../Engine/Content/Maps/Templates/Thumbnails/TimeOfDay.uasset" 29
"../../../Engine/Content/Maps/Templates/Thumbnails/TimeOfDay.uexp" 30
"../../../Engine/Content/EngineMaterials/T_Default_Material_Grid_N.uasset" 31
"../../../Engine/Content/EngineMaterials/T_Default_Material_Grid_N.uexp" 32
"../../../Engine/Content/EngineMaterials/T_Default_Material_Grid_N.ubulk" 33
"../../../Engine/Content/EngineMaterials/T_Default_Material_Grid_M.uasset" 34
"../../../Engine/Content/EngineMaterials/T_Default_Material_Grid_M.uexp" 35
"../../../Engine/Content/EngineMaterials/T_Default_Material_Grid_M.ubulk" 36
"../../../Engine/Content/Functions/Engine_MaterialFunctions01/Opacity/CameraDepthFade.uasset" 37
"../../../Engine/Content/Functions/Engine_MaterialFunctions01/Opacity/CameraDepthFade.uexp" 38
"../../../Engine/Content/EngineMaterials/WorldGridMaterial.uasset" 39
"../../../Engine/Content/EngineMaterials/WorldGridMaterial.uexp" 40
"../../../Engine/Content/ArtTools/RenderToTexture/Meshes/S_1_Unit_Plane.uasset" 41
"../../../Engine/Content/ArtTools/RenderToTexture/Meshes/S_1_Unit_Plane.uexp" 42
"../../../Engine/Content/BasicShapes/Plane.uasset" 43
"../../../Engine/Content/BasicShapes/Plane.uexp" 44
"../../../Engine/Content/EngineMaterials/DefaultMaterial.uasset" 45
"../../../Engine/Content/EngineMaterials/DefaultMaterial.uexp" 46
"../../../Engine/Content/BasicShapes/Cone.uasset" 47
"../../../Engine/Content/BasicShapes/Cone.uexp" 48
"../../../Engine/Content/BasicShapes/Sphere.uasset" 49
"../../../Engine/Content/BasicShapes/Sphere.uexp" 50
"../../../Engine/Content/BasicShapes/Cube.uasset" 51
"../../../Engine/Content/BasicShapes/Cube.uexp" 52
"../../../Engine/Content/Tutorial/ContentIntroCurve.uasset" 53
"../../../Engine/Content/Tutorial/ContentIntroCurve.uexp" 54
"../../../Engine/Content/Tutorial/Basics/TutorialAssets/icon_tab_Levels_40x.uasset" 55
"../../../Engine/Content/Tutorial/Basics/TutorialAssets/icon_tab_Levels_40x.uexp" 56
"../../../Engine/Content/EditorMaterials/WidgetGridVertexColorMaterial.uasset" 57
"../../../Engine/Content/EditorMaterials/WidgetGridVertexColorMaterial.uexp" 58
"../../../Engine/Content/EditorMaterials/WidgetGridVertexColorMaterial.ubulk" 59
"../../../Engine/Content/EditorMaterials/WidgetGridVertexColorMaterial_Ma.uasset" 60
"../../../Engine/Content/EditorMaterials/WidgetGridVertexColorMaterial_Ma.uexp" 61
"../../../Engine/Content/EditorMaterials/Cross.uasset" 62
"../../../Engine/Content/EditorMaterials/Cross.uexp" 63
"../../../Engine/Content/EditorMaterials/Cross_Mat.uasset" 64
"../../../Engine/Content/EditorMaterials/Cross_Mat.uexp" 65
"../../../Engine/Content/EditorMaterials/MAT_Groups_Toggle.uasset" 66
"../../../Engine/Content/EditorMaterials/MAT_Groups_Toggle.uexp" 67
"../../../Engine/Content/EditorMaterials/MAT_Groups_Visibility.uasset" 68
"../../../Engine/Content/EditorMaterials/MAT_Groups_Visibility.uexp" 69
"../../../Engine/Content/EditorMaterials/TilingAALineIntegral.uasset" 70
"../../../Engine/Content/EditorMaterials/TilingAALineIntegral.uexp" 71
"../../../Engine/Content/EditorMaterials/TilingAALineBoxFiltered.uasset" 72
"../../../Engine/Content/EditorMaterials/TilingAALineBoxFiltered.uexp" 73
"../../../Engine/Content/Functions/Engine_MaterialFunctions03/Procedurals/ComputeFilterWidth.uasset" 74
"../../../Engine/Content/Functions/Engine_MaterialFunctions03/Procedurals/ComputeFilterWidth.uexp" 75
"../../../Engine/Content/EngineMaterials/BlendFunc_DefBlend.uasset" 76
"../../../Engine/Content/EngineMaterials/BlendFunc_DefBlend.uexp" 77
"../../../Engine/Content/EngineMaterials/BlendFunc_DefBase.uasset" 78
"../../../Engine/Content/EngineMaterials/BlendFunc_DefBase.uexp" 79
"../../../Engine/Content/Functions/Engine_MaterialFunctions03/Blends/Blend_Screen.uasset" 80
"../../../Engine/Content/Functions/Engine_MaterialFunctions03/Blends/Blend_Screen.uexp" 81
"../../../Engine/Content/EditorMaterials/TilingAAGrid.uasset" 82
"../../../Engine/Content/EditorMaterials/TilingAAGrid.uexp" 83
"../../../Engine/Content/EditorMaterials/TilingAADots.uasset" 84
"../../../Engine/Content/EditorMaterials/TilingAADots.uexp" 85
"../../../Engine/Content/EditorMaterials/CompositeARGBLayer.uasset" 86
"../../../Engine/Content/EditorMaterials/CompositeARGBLayer.uexp" 87
"../../../Engine/Content/EditorMaterials/LevelGridMaterial.uasset" 88
"../../../Engine/Content/EditorMaterials/LevelGridMaterial.uexp" 89
"../../../Engine/Content/EditorMaterials/PreviewShadowIndicator.uasset" 90
"../../../Engine/Content/EditorMaterials/PreviewShadowIndicator.uexp" 91
"../../../Engine/Content/EditorMaterials/PreviewShadowIndicator.ubulk" 92
"../../../Engine/Content/EditorMaterials/PreviewShadowIndicatorMaterial.uasset" 93
"../../../Engine/Content/EditorMaterials/PreviewShadowIndicatorMaterial.uexp" 94
"../../../Engine/Content/EditorMaterials/Tick.uasset" 95
"../../../Engine/Content/EditorMaterials/Tick.uexp" 96
"../../../Engine/Content/EditorMaterials/Tick_Mat.uasset" 97
"../../../Engine/Content/EditorMaterials/Tick_Mat.uexp" 98
"../../../Engine/Content/EditorMaterials/WidgetMaterial.uasset" 99
"../../../Engine/Content/EditorMaterials/WidgetMaterial.uexp" 100
"../../../Engine/Content/EditorMaterials/WidgetMaterial_Current.uasset" 101
"../../../Engine/Content/EditorMaterials/WidgetMaterial_Current.uexp" 102
"../../../Engine/Content/EditorMaterials/WidgetMaterial_X.uasset" 103
"../../../Engine/Content/EditorMaterials/WidgetMaterial_X.uexp" 104
"../../../Engine/Content/EditorMaterials/WidgetMaterial_Y.uasset" 105
"../../../Engine/Content/EditorMaterials/WidgetMaterial_Y.uexp" 106
"../../../Engine/Content/EditorMaterials/WidgetMaterial_Z.uasset" 107
"../../../Engine/Content/EditorMaterials/WidgetMaterial_Z.uexp" 108
"../../../Engine/Content/EditorMaterials/WidgetVertexColorMaterial.uasset" 109
"../../../Engine/Content/EditorMaterials/WidgetVertexColorMaterial.uexp" 110
"../../../Engine/Content/EditorResources/T_EditorHelp.uasset" 111
"../../../Engine/Content/EditorResources/T_EditorHelp.uexp" 112
"../../../Engine/Content/EditorResources/T_EditorHelp.ubulk" 113
"../../../Engine/Content/Functions/Engine_MaterialFunctions02/Utility/Sign.uasset" 114
"../../../Engine/Content/Functions/Engine_MaterialFunctions02/Utility/Sign.uexp" 115
"../../../Engine/Content/Functions/Engine_MaterialFunctions02/Utility/Round.uasset" 116
"../../../Engine/Content/Functions/Engine_MaterialFunctions02/Utility/Round.uexp" 117
"../../../Engine/Content/Functions/Engine_MaterialFunctions01/Texturing/ComputeMipLevel.uasset" 118
"../../../Engine/Content/Functions/Engine_MaterialFunctions01/Texturing/ComputeMipLevel.uexp" 119
"../../../Engine/Content/EngineMaterials/DefaultDiffuse.uasset" 120
"../../../Engine/Content/EngineMaterials/DefaultDiffuse.uexp" 121
"../../../Engine/Content/EngineMaterials/DefaultDiffuse.ubulk" 122
"../../../Engine/Content/Functions/Engine_MaterialFunctions01/Texturing/TextureCropping.uasset" 123
"../../../Engine/Content/Functions/Engine_MaterialFunctions01/Texturing/TextureCropping.uexp" 124
"../../../Engine/Content/Functions/Engine_MaterialFunctions02/ExampleContent/DebugNumberStrip.uasset" 125
"../../../Engine/Content/Functions/Engine_MaterialFunctions02/ExampleContent/DebugNumberStrip.uexp" 126
"../../../Engine/Content/Functions/Engine_MaterialFunctions02/ExampleContent/Textures/DebugNumberPeriod.uasset" 127
"../../../Engine/Content/Functions/Engine_MaterialFunctions02/ExampleContent/Textures/DebugNumberPeriod.uexp" 128
"../../../Engine/Content/Functions/Engine_MaterialFunctions02/Utility/DebugScalarValues.uasset" 129
"../../../Engine/Content/Functions/Engine_MaterialFunctions02/Utility/DebugScalarValues.uexp" 130
"../../../Engine/Content/Functions/Engine_MaterialFunctions02/Utility/BreakOutFloat2Components.uasset" 131
"../../../Engine/Content/Functions/Engine_MaterialFunctions02/Utility/BreakOutFloat2Components.uexp" 132
"../../../Engine/Content/Functions/Engine_MaterialFunctions02/Utility/DebugFloat2Values.uasset" 133
"../../../Engine/Content/Functions/Engine_MaterialFunctions02/Utility/DebugFloat2Values.uexp" 134
"../../../Engine/Content/Functions/Engine_MaterialFunctions02/ExampleContent/Textures/flipbook.uasset" 135
"../../../Engine/Content/Functions/Engine_MaterialFunctions02/ExampleContent/Textures/flipbook.uexp" 136
"../../../Engine/Content/Functions/Engine_MaterialFunctions02/ExampleContent/Textures/flipbook.ubulk" 137
"../../../Engine/Content/Functions/Engine_MaterialFunctions02/Texturing/FlipBook.uasset" 138
"../../../Engine/Content/Functions/Engine_MaterialFunctions02/Texturing/FlipBook.uexp" 139
"../../../Engine/Content/EditorMaterials/HelpActorMaterial.uasset" 140
"../../../Engine/Content/EditorMaterials/HelpActorMaterial.uexp" 141
"../../../Engine/Content/EditorMaterials/PhAT_BoneSelectedMaterial.uasset" 142
"../../../Engine/Content/EditorMaterials/PhAT_BoneSelectedMaterial.uexp" 143
"../../../Engine/Content/EditorMaterials/PhAT_ElemSelectedMaterial.uasset" 144
"../../../Engine/Content/EditorMaterials/PhAT_ElemSelectedMaterial.uexp" 145
"../../../Engine/Content/EditorMaterials/PhAT_NoCollisionMaterial.uasset" 146
"../../../Engine/Content/EditorMaterials/PhAT_NoCollisionMaterial.uexp" 147
"../../../Engine/Content/EditorMaterials/PhAT_UnselectedMaterial.uasset" 148
"../../../Engine/Content/EditorMaterials/PhAT_UnselectedMaterial.uexp" 149
"../../../Engine/Content/EditorResources/LevelGrid1DStripes.uasset" 150
"../../../Engine/Content/EditorResources/LevelGrid1DStripes.uexp" 151
"../../../Engine/Content/EditorMaterials/TextureGridCascaded1D.uasset" 152
"../../../Engine/Content/EditorMaterials/TextureGridCascaded1D.uexp" 153
"../../../Engine/Content/EditorMaterials/TextureGridCascaded2D.uasset" 154
"../../../Engine/Content/EditorMaterials/TextureGridCascaded2D.uexp" 155
"../../../Engine/Content/EditorMaterials/MakeCompositeARGBLayer.uasset" 156
"../../../Engine/Content/EditorMaterials/MakeCompositeARGBLayer.uexp" 157
"../../../Engine/Content/EditorMaterials/LevelGridMaterial2.uasset" 158
"../../../Engine/Content/EditorMaterials/LevelGridMaterial2.uexp" 159
"../../../Engine/Content/EditorMaterials/TargetIcon.uasset" 160
"../../../Engine/Content/EditorMaterials/TargetIcon.uexp" 161
"../../../Engine/Content/EditorMaterials/TargetIcon.ubulk" 162
"../../../Engine/Content/EditorMaterials/MatineeGroups/MAT_ColorTrack.uasset" 163
"../../../Engine/Content/EditorMaterials/MatineeGroups/MAT_ColorTrack.uexp" 164
"../../../Engine/Content/EditorMaterials/MatineeGroups/MAT_Groups_Anim.uasset" 165
"../../../Engine/Content/EditorMaterials/MatineeGroups/MAT_Groups_Anim.uexp" 166
"../../../Engine/Content/EditorMaterials/MatineeGroups/MAT_Groups_AudioMaster.uasset" 167
"../../../Engine/Content/EditorMaterials/MatineeGroups/MAT_Groups_AudioMaster.uexp" 168
"../../../Engine/Content/EditorMaterials/MatineeGroups/MAT_Groups_Director.uasset" 169
"../../../Engine/Content/EditorMaterials/MatineeGroups/MAT_Groups_Director.uexp" 170
"../../../Engine/Content/EditorMaterials/MatineeGroups/MAT_Groups_Event.uasset" 171
"../../../Engine/Content/EditorMaterials/MatineeGroups/MAT_Groups_Event.uexp" 172
"../../../Engine/Content/EditorMaterials/MatineeGroups/MAT_Groups_Fade.uasset" 173
"../../../Engine/Content/EditorMaterials/MatineeGroups/MAT_Groups_Fade.uexp" 174
"../../../Engine/Content/EditorMaterials/MatineeGroups/MAT_Groups_Float.uasset" 175
"../../../Engine/Content/EditorMaterials/MatineeGroups/MAT_Groups_Float.uexp" 176
"../../../Engine/Content/EditorMaterials/MatineeGroups/MAT_Groups_Move.uasset" 177
"../../../Engine/Content/EditorMaterials/MatineeGroups/MAT_Groups_Move.uexp" 178
"../../../Engine/Content/EditorMaterials/MatineeGroups/MAT_Groups_Slomo.uasset" 179
"../../../Engine/Content/EditorMaterials/MatineeGroups/MAT_Groups_Slomo.uexp" 180
"../../../Engine/Content/EditorMaterials/MatineeGroups/MAT_Groups_Sound.uasset" 181
"../../../Engine/Content/EditorMaterials/MatineeGroups/MAT_Groups_Sound.uexp" 182
"../../../Engine/Content/EditorMaterials/MatineeGroups/MAT_Groups_Vector.uasset" 183
"../../../Engine/Content/EditorMaterials/MatineeGroups/MAT_Groups_Vector.uexp" 184
"../../../Engine/Content/EngineMaterials/Grid.uasset" 185
"../../../Engine/Content/EngineMaterials/Grid.uexp" 186
"../../../Engine/Content/EngineMaterials/Grid.ubulk" 187
"../../../Engine/Content/EditorMaterials/Thumbnails/FloorPlaneMaterial.uasset" 188
"../../../Engine/Content/EditorMaterials/Thumbnails/FloorPlaneMaterial.uexp" 189
"../../../Engine/Content/EditorMaterials/ParticleSystems/PSysThumbnail_NoImage.uasset" 190
"../../../Engine/Content/EditorMaterials/ParticleSystems/PSysThumbnail_NoImage.uexp" 191
"../../../Engine/Content/EditorMaterials/ParticleSystems/PSysThumbnail_NoImage.ubulk" 192
"../../../Engine/Content/EditorMaterials/ParticleSystems/PSysThumbnail_OOD.uasset" 193
"../../../Engine/Content/EditorMaterials/ParticleSystems/PSysThumbnail_OOD.uexp" 194
"../../../Engine/Content/EditorMaterials/ParticleSystems/PSysThumbnail_OOD.ubulk" 195
"../../../Engine/Content/EngineMaterials/GizmoMaterial.uasset" 196
"../../../Engine/Content/EngineMaterials/GizmoMaterial.uexp" 197
"../../../Engine/Content/EngineMaterials/DefaultNormal.uasset" 198
"../../../Engine/Content/EngineMaterials/DefaultNormal.uexp" 199
"../../../Engine/Content/EngineMaterials/DefaultNormal.ubulk" 200
"../../../Engine/Content/EngineMaterials/BlueNoise.uasset" 201
"../../../Engine/Content/EngineMaterials/BlueNoise.uexp" 202
"../../../Engine/Content/EngineMaterials/EditorBrushMaterial.uasset" 203
"../../../Engine/Content/EngineMaterials/EditorBrushMaterial.uexp" 204
"../../../Engine/Content/EngineMaterials/PaperDiffuse.uasset" 205
"../../../Engine/Content/EngineMaterials/PaperDiffuse.uexp" 206
"../../../Engine/Content/EngineMaterials/PaperNormal.uasset" 207
"../../../Engine/Content/EngineMaterials/PaperNormal.uexp" 208
"../../../Engine/Content/EngineMaterials/DefaultDeferredDecalMaterial.uasset" 209
"../../../Engine/Content/EngineMaterials/DefaultDeferredDecalMaterial.uexp" 210
"../../../Engine/Content/EngineMaterials/LandscapeHolePhysicalMaterial.uasset" 211
"../../../Engine/Content/EngineMaterials/LandscapeHolePhysicalMaterial.uexp" 212
"../../../Engine/Content/EngineMaterials/DefaultBloomKernel.uasset" 213
"../../../Engine/Content/EngineMaterials/DefaultBloomKernel.uexp" 214
"../../../Engine/Content/EngineResources/WhiteSquareTexture.uasset" 215
"../../../Engine/Content/EngineResources/WhiteSquareTexture.uexp" 216
"../../../Engine/Content/EngineMaterials/BlinkingCaret.uasset" 217
"../../../Engine/Content/EngineMaterials/BlinkingCaret.uexp" 218
"../../../Engine/Content/EngineMaterials/DefaultBokeh.uasset" 219
"../../../Engine/Content/EngineMaterials/DefaultBokeh.uexp" 220
"../../../Engine/Content/EngineMaterials/DefaultLightFunctionMaterial.uasset" 221
"../../../Engine/Content/EngineMaterials/DefaultLightFunctionMaterial.uexp" 222
"../../../Engine/Content/EngineMaterials/DefaultPostProcessMaterial.uasset" 223
"../../../Engine/Content/EngineMaterials/DefaultPostProcessMaterial.uexp" 224
"../../../Engine/Content/EngineFonts/RobotoDistanceField.uasset" 225
"../../../Engine/Content/EngineFonts/RobotoDistanceField.uexp" 226
"../../../Engine/Content/EngineMaterials/DefaultTextMaterialOpaque.uasset" 227
"../../../Engine/Content/EngineMaterials/DefaultTextMaterialOpaque.uexp" 228
"../../../Engine/Content/EngineMaterials/Good64x64TilingNoiseHighFreq.uasset" 229
"../../../Engine/Content/EngineMaterials/Good64x64TilingNoiseHighFreq.uexp" 230
"../../../Engine/Content/EngineMaterials/Grid_N.uasset" 231
"../../../Engine/Content/EngineMaterials/Grid_N.uexp" 232
"../../../Engine/Content/EngineMaterials/Grid_N.ubulk" 233
"../../../Engine/Content/EngineMaterials/PhysMat_Rubber.uasset" 234
"../../../Engine/Content/EngineMaterials/PhysMat_Rubber.uexp" 235
"../../../Engine/Content/EngineMaterials/BaseFlattenGrayscaleMap.uasset" 236
"../../../Engine/Content/EngineMaterials/BaseFlattenGrayscaleMap.uexp" 237
"../../../Engine/Content/EngineMaterials/BaseFlattenEmissiveMap.uasset" 238
"../../../Engine/Content/EngineMaterials/BaseFlattenEmissiveMap.uexp" 239
"../../../Engine/Content/EngineMaterials/BaseFlattenDiffuseMap.uasset" 240
"../../../Engine/Content/EngineMaterials/BaseFlattenDiffuseMap.uexp" 241
"../../../Engine/Content/EngineMaterials/BaseFlattenNormalMap.uasset" 242
"../../../Engine/Content/EngineMaterials/BaseFlattenNormalMap.uexp" 243
"../../../Engine/Content/EngineMaterials/BaseFlattenMaterial.uasset" 244
"../../../Engine/Content/EngineMaterials/BaseFlattenMaterial.uexp" 245
"../../../Engine/Content/Functions/Engine_MaterialFunctions02/WorldPositionOffset/CameraOffset.uasset" 246
"../../../Engine/Content/Functions/Engine_MaterialFunctions02/WorldPositionOffset/CameraOffset.uexp" 247
"../../../Engine/Content/EngineMaterials/PhAT_JointLimitMaterial.uasset" 248
"../../../Engine/Content/EngineMaterials/PhAT_JointLimitMaterial.uexp" 249
"../../../Engine/Content/EngineMaterials/Widget3DPassThrough.uasset" 250
"../../../Engine/Content/EngineMaterials/Widget3DPassThrough.uexp" 251
"../../../Engine/Content/EngineMaterials/Widget3DPassThrough_Masked.uasset" 252
"../../../Engine/Content/EngineMaterials/Widget3DPassThrough_Masked.uexp" 253
"../../../Engine/Content/EngineMaterials/Widget3DPassThrough_Opaque.uasset" 254
"../../../Engine/Content/EngineMaterials/Widget3DPassThrough_Opaque.uexp" 255
"../../../Engine/Content/EngineMaterials/Widget3DPassThrough_Masked_OneSided.uasset" 256
"../../../Engine/Content/EngineMaterials/Widget3DPassThrough_Masked_OneSided.uexp" 257
"../../../Engine/Content/EngineMaterials/Widget3DPassThrough_Opaque_OneSided.uasset" 258
"../../../Engine/Content/EngineMaterials/Widget3DPassThrough_Opaque_OneSided.uexp" 259
"../../../Engine/Content/EngineMaterials/Widget3DPassThrough_Translucent.uasset" 260
"../../../Engine/Content/EngineMaterials/Widget3DPassThrough_Translucent.uexp" 261
"../../../Engine/Content/EngineMaterials/Widget3DPassThrough_Translucent_OneSided.uasset" 262
"../../../Engine/Content/EngineMaterials/Widget3DPassThrough_Translucent_OneSided.uexp" 263
"../../../Engine/Content/Functions/Engine_MaterialFunctions01/ImageAdjustment/sRGBToLinear.uasset" 264
"../../../Engine/Content/Functions/Engine_MaterialFunctions01/ImageAdjustment/sRGBToLinear.uexp" 265
"../../../Engine/Content/Functions/Engine_MaterialFunctions02/Utility/MakeFloat3.uasset" 266
"../../../Engine/Content/Functions/Engine_MaterialFunctions02/Utility/MakeFloat3.uexp" 267
"../../../Engine/Content/Functions/Engine_MaterialFunctions02/Utility/BreakOutFloat3Components.uasset" 268
"../../../Engine/Content/Functions/Engine_MaterialFunctions02/Utility/BreakOutFloat3Components.uexp" 269
"../../../Engine/Content/EngineMaterials/Widget3DCameraPassThrough_Opaque_OneSided.uasset" 270
"../../../Engine/Content/EngineMaterials/Widget3DCameraPassThrough_Opaque_OneSided.uexp" 271
"../../../Engine/Content/EngineMaterials/DefaultWhiteGrid_Low.uasset" 272
"../../../Engine/Content/EngineMaterials/DefaultWhiteGrid_Low.uexp" 273
"../../../Engine/Content/EngineMaterials/EmissiveMeshMaterial.uasset" 274
"../../../Engine/Content/EngineMaterials/EmissiveMeshMaterial.uexp" 275
"../../../Engine/Content/EngineMaterials/DefaultCalibrationColor.uasset" 276
"../../../Engine/Content/EngineMaterials/DefaultCalibrationColor.uexp" 277
"../../../Engine/Content/EngineMaterials/PPM_DefaultCalibrationColor.uasset" 278
"../../../Engine/Content/EngineMaterials/PPM_DefaultCalibrationColor.uexp" 279
"../../../Engine/Content/EngineMaterials/DefaultCalibrationGrayscale.uasset" 280
"../../../Engine/Content/EngineMaterials/DefaultCalibrationGrayscale.uexp" 281
"../../../Engine/Content/EngineMaterials/PPM_DefaultCalibrationGrayscale.uasset" 282
"../../../Engine/Content/EngineMaterials/PPM_DefaultCalibrationGrayscale.uexp" 283
"../../../Engine/Content/EngineMaterials/HighResolutionScreenshotMaskFunction.uasset" 284
"../../../Engine/Content/EngineMaterials/HighResolutionScreenshotMaskFunction.uexp" 285
"../../../Engine/Content/EngineMaterials/HighResScreenshot.uasset" 286
"../../../Engine/Content/EngineMaterials/HighResScreenshot.uexp" 287
"../../../Engine/Content/EngineMaterials/HighResScreenshotCaptureRegion.uasset" 288
"../../../Engine/Content/EngineMaterials/HighResScreenshotCaptureRegion.uexp" 289
"../../../Engine/Content/EngineMaterials/HighResScreenshotMask.uasset" 290
"../../../Engine/Content/EngineMaterials/HighResScreenshotMask.uexp" 291
"../../../Engine/Content/EngineMaterials/InvalidLightmapSettings.uasset" 292
"../../../Engine/Content/EngineMaterials/InvalidLightmapSettings.uexp" 293
"../../../Engine/Content/EngineMaterials/InvalidLightmapSettings.ubulk" 294
"../../../Engine/Content/EngineMaterials/M_InvalidLightmapSettings.uasset" 295
"../../../Engine/Content/EngineMaterials/M_InvalidLightmapSettings.uexp" 296
"../../../Engine/Content/EngineMaterials/PreintegratedSkinBRDF.uasset" 297
"../../../Engine/Content/EngineMaterials/PreintegratedSkinBRDF.uexp" 298
"../../../Engine/Content/EngineMaterials/RemoveSurfaceMaterial.uasset" 299
"../../../Engine/Content/EngineMaterials/RemoveSurfaceMaterial.uexp" 300
"../../../Engine/Content/EngineMaterials/WeightMapPlaceholderTexture.uasset" 301
"../../../Engine/Content/EngineMaterials/WeightMapPlaceholderTexture.uexp" 302
"../../../Engine/Content/EngineSounds/Master.uasset" 303
"../../../Engine/Content/EngineSounds/Master.uexp" 304
"../../../Engine/Content/EngineMeshes/Cylinder.uasset" 305
"../../../Engine/Content/EngineMeshes/Cylinder.uexp" 306
"../../../Engine/Content/EngineMeshes/Sphere.uasset" 307
"../../../Engine/Content/EngineMeshes/Sphere.uexp" 308
"../../../Engine/Content/EditorSounds/Notifications/CompileSuccess.uasset" 309
"../../../Engine/Content/EditorSounds/Notifications/CompileSuccess.uexp" 310
"../../../Engine/Content/EditorSounds/Notifications/CompileStart_Cue.uasset" 311
"../../../Engine/Content/EditorSounds/Notifications/CompileStart_Cue.uexp" 312
"../../../Engine/Content/EditorSounds/Notifications/CompileSuccess_Cue.uasset" 313
"../../../Engine/Content/EditorSounds/Notifications/CompileSuccess_Cue.uexp" 314
"../../../Engine/Content/EngineDebugMaterials/DebugMeshMaterial.uasset" 315
"../../../Engine/Content/EngineDebugMaterials/DebugMeshMaterial.uexp" 316
"../../../Engine/Content/Functions/Engine_MaterialFunctions01/Shading/ConvertFromDiffSpec.uasset" 317
"../../../Engine/Content/Functions/Engine_MaterialFunctions01/Shading/ConvertFromDiffSpec.uexp" 318
"../../../Engine/Content/EngineDebugMaterials/LevelColorationLitMaterial.uasset" 319
"../../../Engine/Content/EngineDebugMaterials/LevelColorationLitMaterial.uexp" 320
"../../../Engine/Content/EngineDebugMaterials/HeatmapGradient.uasset" 321
"../../../Engine/Content/EngineDebugMaterials/HeatmapGradient.uexp" 322
"../../../Engine/Content/EngineDebugMaterials/HeatmapGradient.ubulk" 323
"../../../Engine/Content/EngineDebugMaterials/BoneWeightMaterial.uasset" 324
"../../../Engine/Content/EngineDebugMaterials/BoneWeightMaterial.uexp" 325
"../../../Engine/Content/EngineDebugMaterials/ClothMaterial.uasset" 326
"../../../Engine/Content/EngineDebugMaterials/ClothMaterial.uexp" 327
"../../../Engine/Content/EngineDebugMaterials/GeomMaterial.uasset" 328
"../../../Engine/Content/EngineDebugMaterials/GeomMaterial.uexp" 329
"../../../Engine/Content/EngineMaterials/DefaultWhiteGrid.uasset" 330
"../../../Engine/Content/EngineMaterials/DefaultWhiteGrid.uexp" 331
"../../../Engine/Content/EngineMaterials/DefaultWhiteGrid.ubulk" 332
"../../../Engine/Content/EngineDebugMaterials/MAT_LevelColorationLitLightmapUV.uasset" 333
"../../../Engine/Content/EngineDebugMaterials/MAT_LevelColorationLitLightmapUV.uexp" 334
"../../../Engine/Content/EngineDebugMaterials/M_SimpleUnlitTranslucent.uasset" 335
"../../../Engine/Content/EngineDebugMaterials/M_SimpleUnlitTranslucent.uexp" 336
"../../../Engine/Content/EngineDebugMaterials/PhysicalMaterialMaskMaterial.uasset" 337
"../../../Engine/Content/EngineDebugMaterials/PhysicalMaterialMaskMaterial.uexp" 338
"../../../Engine/Content/EngineDebugMaterials/VolumeToRender.uasset" 339
"../../../Engine/Content/EngineDebugMaterials/VolumeToRender.uexp" 340
"../../../Engine/Content/Functions/Engine_MaterialFunctions02/Utility/CameraDirectionVector.uasset" 341
"../../../Engine/Content/Functions/Engine_MaterialFunctions02/Utility/CameraDirectionVector.uexp" 342
"../../../Engine/Content/EngineDebugMaterials/M_VolumeRenderSphereTracePP.uasset" 343
"../../../Engine/Content/EngineDebugMaterials/M_VolumeRenderSphereTracePP.uexp" 344
"../../../Engine/Content/EngineDebugMaterials/VertexColorMaterial.uasset" 345
"../../../Engine/Content/EngineDebugMaterials/VertexColorMaterial.uexp" 346
"../../../Engine/Content/EngineDebugMaterials/VertexColorViewMode_RedOnly.uasset" 347
"../../../Engine/Content/EngineDebugMaterials/VertexColorViewMode_RedOnly.uexp" 348
"../../../Engine/Content/EngineDebugMaterials/LevelColorationUnlitMaterial.uasset" 349
"../../../Engine/Content/EngineDebugMaterials/LevelColorationUnlitMaterial.uexp" 350
"../../../Engine/Content/EngineDebugMaterials/ShadedLevelColorationUnlitMateri.uasset" 351
"../../../Engine/Content/EngineDebugMaterials/ShadedLevelColorationUnlitMateri.uexp" 352
"../../../Engine/Content/EngineDebugMaterials/VertexColorViewMode_AlphaAsColor.uasset" 353
"../../../Engine/Content/EngineDebugMaterials/VertexColorViewMode_AlphaAsColor.uexp" 354
"../../../Engine/Content/EngineDebugMaterials/VertexColorViewMode_BlueOnly.uasset" 355
"../../../Engine/Content/EngineDebugMaterials/VertexColorViewMode_BlueOnly.uexp" 356
"../../../Engine/Content/EngineDebugMaterials/VertexColorViewMode_ColorOnly.uasset" 357
"../../../Engine/Content/EngineDebugMaterials/VertexColorViewMode_ColorOnly.uexp" 358
"../../../Engine/Content/EngineDebugMaterials/VertexColorViewMode_GreenOnly.uasset" 359
"../../../Engine/Content/EngineDebugMaterials/VertexColorViewMode_GreenOnly.uexp" 360
"../../../Engine/Content/EngineDebugMaterials/WireframeMaterial.uasset" 361
"../../../Engine/Content/EngineDebugMaterials/WireframeMaterial.uexp" 362
"../../../Engine/Content/EngineDebugMaterials/ShadedLevelColorationLitMaterial.uasset" 363
"../../../Engine/Content/EngineDebugMaterials/ShadedLevelColorationLitMaterial.uexp" 364
"../../../Engine/Content/EngineDebugMaterials/ClothMaterial_WF.uasset" 365
"../../../Engine/Content/EngineDebugMaterials/ClothMaterial_WF.uexp" 366
"../../../Engine/Content/EngineDebugMaterials/DebugEditorMaterial.uasset" 367
"../../../Engine/Content/EngineDebugMaterials/DebugEditorMaterial.uexp" 368
"../../../Engine/Content/MobileResources/T_MobileControls_texture.uasset" 369
"../../../Engine/Content/MobileResources/T_MobileControls_texture.uexp" 370
"../../../Engine/Content/MobileResources/T_MobileMenu2.uasset" 371
"../../../Engine/Content/MobileResources/T_MobileMenu2.uexp" 372
"../../../Engine/Content/MobileResources/HUD/AnalogHat.uasset" 373
"../../../Engine/Content/MobileResources/HUD/AnalogHat.uexp" 374
"../../../Engine/Content/MobileResources/HUD/MobileHUDButton1_off.uasset" 375
"../../../Engine/Content/MobileResources/HUD/MobileHUDButton1_off.uexp" 376
"../../../Engine/Content/MobileResources/HUD/MobileHUDButtonFire.uasset" 377
"../../../Engine/Content/MobileResources/HUD/MobileHUDButtonFire.uexp" 378
"../../../Engine/Content/MobileResources/HUD/MobileHUDDirectionPad.uasset" 379
"../../../Engine/Content/MobileResources/HUD/MobileHUDDirectionPad.uexp" 380
"../../../Engine/Content/MobileResources/HUD/VirtualJoystick_Background.uasset" 381
"../../../Engine/Content/MobileResources/HUD/VirtualJoystick_Background.uexp" 382
"../../../Engine/Content/MobileResources/HUD/VirtualJoystick_Thumb.uasset" 383
"../../../Engine/Content/MobileResources/HUD/VirtualJoystick_Thumb.uexp" 384
"../../../Engine/Content/MobileResources/HUD/DefaultVirtualJoysticks.uasset" 385
"../../../Engine/Content/MobileResources/HUD/DefaultVirtualJoysticks.uexp" 386
"../../../Engine/Content/MobileResources/HUD/LeftVirtualJoystickOnly.uasset" 387
"../../../Engine/Content/MobileResources/HUD/LeftVirtualJoystickOnly.uexp" 388
"../../../Engine/Content/MobileResources/HUD/MobileHUDButton1_on.uasset" 389
"../../../Engine/Content/MobileResources/HUD/MobileHUDButton1_on.uexp" 390
"../../../Engine/Content/MobileResources/HUD/MobileHUDButton3.uasset" 391
"../../../Engine/Content/MobileResources/HUD/MobileHUDButton3.uexp" 392
"../../../Engine/Content/MobileResources/HUD/MobileHUDDirectionPad3.uasset" 393
"../../../Engine/Content/MobileResources/HUD/MobileHUDDirectionPad3.uexp" 394
"../../../Engine/Content/MobileResources/HUD/MobileHUDDirectionStick.uasset" 395
"../../../Engine/Content/MobileResources/HUD/MobileHUDDirectionStick.uexp" 396
"../../../Engine/Content/MobileResources/HUD/T_Castle_ThumbstickOutter.uasset" 397
"../../../Engine/Content/MobileResources/HUD/T_Castle_ThumbstickOutter.uexp" 398
"../../../Engine/Content/MobileResources/HUD/T_Castle_ThumbstickInner.uasset" 399
"../../../Engine/Content/MobileResources/HUD/T_Castle_ThumbstickInner.uexp" 400
"../../../Engine/Content/MobileResources/HUD/MobileHUDButton2_off.uasset" 401
"../../../Engine/Content/MobileResources/HUD/MobileHUDButton2_off.uexp" 402
"../../../Engine/Content/MobileResources/HUD/MobileHUDButton2_on.uasset" 403
"../../../Engine/Content/MobileResources/HUD/MobileHUDButton2_on.uexp" 404
"../../../Engine/Content/MobileResources/HUD/MobileHUDDirectionPad2.uasset" 405
"../../../Engine/Content/MobileResources/HUD/MobileHUDDirectionPad2.uexp" 406
"../../../Engine/Content/EngineSky/VolumetricClouds/CloudGradientTexture.uasset" 407
"../../../Engine/Content/EngineSky/VolumetricClouds/CloudGradientTexture.uexp" 408
"../../../Engine/Content/EngineSky/VolumetricClouds/T_NoiseShape64.uasset" 409
"../../../Engine/Content/EngineSky/VolumetricClouds/T_NoiseShape64.uexp" 410
"../../../Engine/Content/EngineSky/VolumetricClouds/T_NoiseShape64.ubulk" 411
"../../../Engine/Content/EngineSky/VolumetricClouds/T_VolumeNoiseShape64.uasset" 412
"../../../Engine/Content/EngineSky/VolumetricClouds/T_VolumeNoiseShape64.uexp" 413
"../../../Engine/Content/EngineSky/VolumetricClouds/T_NoiseErosion.uasset" 414
"../../../Engine/Content/EngineSky/VolumetricClouds/T_NoiseErosion.uexp" 415
"../../../Engine/Content/EngineSky/VolumetricClouds/T_NoiseErosion.ubulk" 416
"../../../Engine/Content/EngineSky/VolumetricClouds/T_VolumeNoiseErosion32.uasset" 417
"../../../Engine/Content/EngineSky/VolumetricClouds/T_VolumeNoiseErosion32.uexp" 418
"../../../Engine/Content/EngineSky/VolumetricClouds/CloudWeatherTexture.uasset" 419
"../../../Engine/Content/EngineSky/VolumetricClouds/CloudWeatherTexture.uexp" 420
"../../../Engine/Content/Functions/Engine_MaterialFunctions02/Utility/MakeFloat2.uasset" 421
"../../../Engine/Content/Functions/Engine_MaterialFunctions02/Utility/MakeFloat2.uexp" 422
"../../../Engine/Content/EngineSky/VolumetricClouds/m_SimpleVolumetricCloud.uasset" 423
"../../../Engine/Content/EngineSky/VolumetricClouds/m_SimpleVolumetricCloud.uexp" 424
"../../../Engine/Content/EngineSky/VolumetricClouds/m_SimpleVolumetricCloud_Inst.uasset" 425
"../../../Engine/Content/EngineSky/VolumetricClouds/m_SimpleVolumetricCloud_Inst.uexp" 426
"../../../Engine/Content/EditorMeshes/EditorCube.uasset" 427
"../../../Engine/Content/EditorMeshes/EditorCube.uexp" 428
"../../../Engine/Content/EditorMeshes/EditorCylinder.uasset" 429
"../../../Engine/Content/EditorMeshes/EditorCylinder.uexp" 430
"../../../Engine/Content/EditorMeshes/EditorSphere.uasset" 431
"../../../Engine/Content/EditorMeshes/EditorSphere.uexp" 432
"../../../Engine/Content/EditorResources/MatineeCam_D.uasset" 433
"../../../Engine/Content/EditorResources/MatineeCam_D.uexp" 434
"../../../Engine/Content/EditorMaterials/MatineeCam_mat.uasset" 435
"../../../Engine/Content/EditorMaterials/MatineeCam_mat.uexp" 436
"../../../Engine/Content/EditorMeshes/MatineeCam_SM.uasset" 437
"../../../Engine/Content/EditorMeshes/MatineeCam_SM.uexp" 438
"../../../Engine/Content/EditorMeshes/PlanarReflectionPlane.uasset" 439
"../../../Engine/Content/EditorMeshes/PlanarReflectionPlane.uexp" 440
"../../../Engine/Content/EditorMeshes/EditorPlane.uasset" 441
"../../../Engine/Content/EditorMeshes/EditorPlane.uexp" 442
"../../../Engine/Content/EditorMaterials/Thumbnails/SkySphereMaterial.uasset" 443
"../../../Engine/Content/EditorMaterials/Thumbnails/SkySphereMaterial.uexp" 444
"../../../Engine/Content/EditorMeshes/EditorSkySphere.uasset" 445
"../../../Engine/Content/EditorMeshes/EditorSkySphere.uexp" 446
"../../../Engine/Content/EditorMeshes/ColorCalibrator/M_ChromeBall.uasset" 447
"../../../Engine/Content/EditorMeshes/ColorCalibrator/M_ChromeBall.uexp" 448
"../../../Engine/Content/EditorMaterials/Camera/CineMat.uasset" 449
"../../../Engine/Content/EditorMaterials/Camera/CineMat.uexp" 450
"../../../Engine/Content/EditorMaterials/Camera/MI_CineMat_Rig.uasset" 451
"../../../Engine/Content/EditorMaterials/Camera/MI_CineMat_Rig.uexp" 452
"../../../Engine/Content/EditorMeshes/Camera/SM_CraneRig_Body.uasset" 453
"../../../Engine/Content/EditorMeshes/Camera/SM_CraneRig_Body.uexp" 454
"../../../Engine/Content/EditorMeshes/Camera/SM_CraneRig_Mount.uasset" 455
"../../../Engine/Content/EditorMeshes/Camera/SM_CraneRig_Mount.uexp" 456
"../../../Engine/Content/EditorMeshes/Camera/SM_RailRig_Mount.uasset" 457
"../../../Engine/Content/EditorMeshes/Camera/SM_RailRig_Mount.uexp" 458
"../../../Engine/Content/EditorMeshes/Camera/SM_RailRig_Track.uasset" 459
"../../../Engine/Content/EditorMeshes/Camera/SM_RailRig_Track.uexp" 460
"../../../Engine/Content/EngineDebugMaterials/M_SimpleOpaque.uasset" 461
"../../../Engine/Content/EngineDebugMaterials/M_SimpleOpaque.uexp" 462
"../../../Engine/Content/EditorMaterials/Camera/MI_CineMat_CamViewFinder.uasset" 463
"../../../Engine/Content/EditorMaterials/Camera/MI_CineMat_CamViewFinder.uexp" 464
"../../../Engine/Content/EditorMaterials/Camera/MI_CineMat_CameraBody.uasset" 465
"../../../Engine/Content/EditorMaterials/Camera/MI_CineMat_CameraBody.uexp" 466
"../../../Engine/Content/EditorMeshes/Camera/SM_CineCam.uasset" 467
"../../../Engine/Content/EditorMeshes/Camera/SM_CineCam.uexp" 468
"../../../Engine/Content/EditorMeshes/Camera/SM_CraneRig_Arm.uasset" 469
"../../../Engine/Content/EditorMeshes/Camera/SM_CraneRig_Arm.uexp" 470
"../../../Engine/Content/EditorMeshes/Camera/SM_CraneRig_Base.uasset" 471
"../../../Engine/Content/EditorMeshes/Camera/SM_CraneRig_Base.uexp" 472
"../../../Engine/Content/EditorResources/S_CameraShakeSource.uasset" 473
"../../../Engine/Content/EditorResources/S_CameraShakeSource.uexp" 474
"../../../Engine/Content/EditorResources/S_Solver.uasset" 475
"../../../Engine/Content/EditorResources/S_Solver.uexp" 476
"../../../Engine/Content/EditorResources/S_Solver.ubulk" 477
"../../../Engine/Content/EditorResources/S_PortalActorIcon2.uasset" 478
"../../../Engine/Content/EditorResources/S_PortalActorIcon2.uexp" 479
"../../../Engine/Content/EditorResources/S_PortalActorIcon2.ubulk" 480
"../../../Engine/Content/EditorResources/Bad.uasset" 481
"../../../Engine/Content/EditorResources/Bad.uexp" 482
"../../../Engine/Content/EditorResources/Bad.ubulk" 483
"../../../Engine/Content/EditorResources/MatInstActSprite.uasset" 484
"../../../Engine/Content/EditorResources/MatInstActSprite.uexp" 485
"../../../Engine/Content/EditorResources/MatInstActSprite.ubulk" 486
"../../../Engine/Content/EditorResources/S_Actor.uasset" 487
"../../../Engine/Content/EditorResources/S_Actor.uexp" 488
"../../../Engine/Content/EditorResources/S_Actor.ubulk" 489
"../../../Engine/Content/EditorResources/S_FTest.uasset" 490
"../../../Engine/Content/EditorResources/S_FTest.uexp" 491
"../../../Engine/Content/EditorResources/S_KBSJoint.uasset" 492
"../../../Engine/Content/EditorResources/S_KBSJoint.uexp" 493
"../../../Engine/Content/EditorResources/S_KBSJoint.ubulk" 494
"../../../Engine/Content/EditorResources/S_KHinge.uasset" 495
"../../../Engine/Content/EditorResources/S_KHinge.uexp" 496
"../../../Engine/Content/EditorResources/S_KHinge.ubulk" 497
"../../../Engine/Content/EditorResources/S_KPrismatic.uasset" 498
"../../../Engine/Content/EditorResources/S_KPrismatic.uexp" 499
"../../../Engine/Content/EditorResources/S_KPrismatic.ubulk" 500
"../../../Engine/Content/EditorResources/S_LevelSequence.uasset" 501
"../../../Engine/Content/EditorResources/S_LevelSequence.uexp" 502
"../../../Engine/Content/EditorResources/S_LevelSequence.ubulk" 503
"../../../Engine/Content/EditorResources/S_RadForce.uasset" 504
"../../../Engine/Content/EditorResources/S_RadForce.uexp" 505
"../../../Engine/Content/EditorResources/S_RadForce.ubulk" 506
"../../../Engine/Content/EditorResources/S_VectorFieldVol.uasset" 507
"../../../Engine/Content/EditorResources/S_VectorFieldVol.uexp" 508
"../../../Engine/Content/EditorResources/S_VectorFieldVol.ubulk" 509
"../../../Engine/Content/EditorResources/SmallFont.uasset" 510
"../../../Engine/Content/EditorResources/SmallFont.uexp" 511
"../../../Engine/Content/EditorResources/BSPVertex.uasset" 512
"../../../Engine/Content/EditorResources/BSPVertex.uexp" 513
"../../../Engine/Content/EditorResources/S_Terrain.uasset" 514
"../../../Engine/Content/EditorResources/S_Terrain.uexp" 515
"../../../Engine/Content/EditorResources/S_Terrain.ubulk" 516
"../../../Engine/Content/EditorResources/S_TextRenderActorIcon.uasset" 517
"../../../Engine/Content/EditorResources/S_TextRenderActorIcon.uexp" 518
"../../../Engine/Content/EditorResources/S_TextRenderActorIcon.ubulk" 519
"../../../Engine/Content/EditorResources/S_Thruster.uasset" 520
"../../../Engine/Content/EditorResources/S_Thruster.uexp" 521
"../../../Engine/Content/EditorResources/S_Thruster.ubulk" 522
"../../../Engine/Content/EditorResources/S_Trigger.uasset" 523
"../../../Engine/Content/EditorResources/S_Trigger.uexp" 524
"../../../Engine/Content/EditorResources/S_Trigger.ubulk" 525
"../../../Engine/Content/EditorResources/S_WindDirectional.uasset" 526
"../../../Engine/Content/EditorResources/S_WindDirectional.uexp" 527
"../../../Engine/Content/EditorResources/S_WindDirectional.ubulk" 528
"../../../Engine/Content/EditorResources/SceneManager.uasset" 529
"../../../Engine/Content/EditorResources/SceneManager.uexp" 530
"../../../Engine/Content/EditorResources/SceneManager.ubulk" 531
"../../../Engine/Content/EditorResources/EmptyActor.uasset" 532
"../../../Engine/Content/EditorResources/EmptyActor.uexp" 533
"../../../Engine/Content/EditorResources/S_DecalActorIcon.uasset" 534
"../../../Engine/Content/EditorResources/S_DecalActorIcon.uexp" 535
"../../../Engine/Content/EditorResources/S_DecalActorIcon.ubulk" 536
"../../../Engine/Content/EditorResources/S_Emitter.uasset" 537
"../../../Engine/Content/EditorResources/S_Emitter.uexp" 538
"../../../Engine/Content/EditorResources/S_Emitter.ubulk" 539
"../../../Engine/Content/EditorResources/S_ExpoHeightFog.uasset" 540
"../../../Engine/Content/EditorResources/S_ExpoHeightFog.uexp" 541
"../../../Engine/Content/EditorResources/S_ExpoHeightFog.ubulk" 542
"../../../Engine/Content/EditorResources/S_NavP.uasset" 543
"../../../Engine/Content/EditorResources/S_NavP.uexp" 544
"../../../Engine/Content/EditorResources/S_NavP.ubulk" 545
"../../../Engine/Content/EditorResources/S_Note.uasset" 546
"../../../Engine/Content/EditorResources/S_Note.uexp" 547
"../../../Engine/Content/EditorResources/S_Note.ubulk" 548
"../../../Engine/Content/EditorResources/S_Player.uasset" 549
"../../../Engine/Content/EditorResources/S_Player.uexp" 550
"../../../Engine/Content/EditorResources/S_Player.ubulk" 551
"../../../Engine/Content/EditorResources/S_ReflActorIcon.uasset" 552
"../../../Engine/Content/EditorResources/S_ReflActorIcon.uexp" 553
"../../../Engine/Content/EditorResources/S_ReflActorIcon.ubulk" 554
"../../../Engine/Content/EditorResources/S_SkyAtmosphere.uasset" 555
"../../../Engine/Content/EditorResources/S_SkyAtmosphere.uexp" 556
"../../../Engine/Content/EditorResources/S_SkyAtmosphere.ubulk" 557
"../../../Engine/Content/EditorResources/S_VolumetricCloud.uasset" 558
"../../../Engine/Content/EditorResources/S_VolumetricCloud.uexp" 559
"../../../Engine/Content/EditorResources/S_VolumetricCloud.ubulk" 560
"../../../Engine/Content/EditorResources/Spline/T_Loft_Spline.uasset" 561
"../../../Engine/Content/EditorResources/Spline/T_Loft_Spline.uexp" 562
"../../../Engine/Content/EditorResources/SequenceRecorder/Countdown.uasset" 563
"../../../Engine/Content/EditorResources/SequenceRecorder/Countdown.uexp" 564
"../../../Engine/Content/EditorResources/SequenceRecorder/RecordingIndicator.uasset" 565
"../../../Engine/Content/EditorResources/SequenceRecorder/RecordingIndicator.uexp" 566
"../../../Engine/Content/EditorResources/LightIcons/S_LightError.uasset" 567
"../../../Engine/Content/EditorResources/LightIcons/S_LightError.uexp" 568
"../../../Engine/Content/EditorResources/LightIcons/S_LightPoint.uasset" 569
"../../../Engine/Content/EditorResources/LightIcons/S_LightPoint.uexp" 570
"../../../Engine/Content/EditorResources/LightIcons/S_LightPointMove.uasset" 571
"../../../Engine/Content/EditorResources/LightIcons/S_LightPointMove.uexp" 572
"../../../Engine/Content/EditorResources/LightIcons/S_LightSpot.uasset" 573
"../../../Engine/Content/EditorResources/LightIcons/S_LightSpot.uexp" 574
"../../../Engine/Content/EditorResources/LightIcons/S_LightSpotMove.uasset" 575
"../../../Engine/Content/EditorResources/LightIcons/S_LightSpotMove.uexp" 576
"../../../Engine/Content/EditorResources/LightIcons/SkyLight.uasset" 577
"../../../Engine/Content/EditorResources/LightIcons/SkyLight.uexp" 578
"../../../Engine/Content/EditorResources/LightIcons/S_LightDirectionalMove.uasset" 579
"../../../Engine/Content/EditorResources/LightIcons/S_LightDirectionalMove.uexp" 580
"../../../Engine/Content/EditorResources/LightIcons/S_LightDirectional.uasset" 581
"../../../Engine/Content/EditorResources/LightIcons/S_LightDirectional.uexp" 582
"../../../Engine/Content/EditorResources/AI/S_NavLink.uasset" 583
"../../../Engine/Content/EditorResources/AI/S_NavLink.uexp" 584
"../../../Engine/Content/EngineResources/DefaultTexture.uasset" 585
"../../../Engine/Content/EngineResources/DefaultTexture.uexp" 586
"../../../Engine/Content/EngineResources/DefaultTexture.ubulk" 587
"../../../Engine/Content/EngineResources/DefaultTextureCube.uasset" 588
"../../../Engine/Content/EngineResources/DefaultTextureCube.uexp" 589
"../../../Engine/Content/EngineResources/GradientTexture0.uasset" 590
"../../../Engine/Content/EngineResources/GradientTexture0.uexp" 591
"../../../Engine/Content/EngineResources/StreamingPauseIcon.uasset" 592
"../../../Engine/Content/EngineResources/StreamingPauseIcon.uexp" 593
"../../../Engine/Content/EngineResources/M_StreamingPause.uasset" 594
"../../../Engine/Content/EngineResources/M_StreamingPause.uexp" 595
"../../../Engine/Content/EngineResources/DefaultVolumeTexture2D.uasset" 596
"../../../Engine/Content/EngineResources/DefaultVolumeTexture2D.uexp" 597
"../../../Engine/Content/EngineResources/DefaultVolumeTexture.uasset" 598
"../../../Engine/Content/EngineResources/DefaultVolumeTexture.uexp" 599
"../../../Engine/Content/EngineDamageTypes/DmgTypeBP_Environmental.uasset" 600
"../../../Engine/Content/EngineDamageTypes/DmgTypeBP_Environmental.uexp" 601
"../../../Engine/Content/EditorLandscapeResources/DataLayer.uasset" 602
"../../../Engine/Content/EditorLandscapeResources/DataLayer.uexp" 603
"../../../Engine/Content/EditorLandscapeResources/DefaultAlphaTexture.uasset" 604
"../../../Engine/Content/EditorLandscapeResources/DefaultAlphaTexture.uexp" 605
"../../../Engine/Content/EditorLandscapeResources/LandscapeGizmo_Mat.uasset" 606
"../../../Engine/Content/EditorLandscapeResources/LandscapeGizmo_Mat.uexp" 607
"../../../Engine/Content/EditorLandscapeResources/LandscapeGizmo_Mat_Copied.uasset" 608
"../../../Engine/Content/EditorLandscapeResources/LandscapeGizmo_Mat_Copied.uexp" 609
"../../../Engine/Content/EditorLandscapeResources/LandscapeGizmoHeight_Mat.uasset" 610
"../../../Engine/Content/EditorLandscapeResources/LandscapeGizmoHeight_Mat.uexp" 611
"../../../Engine/Content/EditorLandscapeResources/SplineEditorMeshMat.uasset" 612
"../../../Engine/Content/EditorLandscapeResources/SplineEditorMeshMat.uexp" 613
"../../../Engine/Content/EditorLandscapeResources/SplineEditorMesh.uasset" 614
"../../../Engine/Content/EditorLandscapeResources/SplineEditorMesh.uexp" 615
"../../../Engine/Content/EngineFonts/Faces/RobotoRegular.uasset" 616
"../../../Engine/Content/EngineFonts/Faces/RobotoRegular.uexp" 617
"../../../Engine/Content/EngineFonts/Faces/RobotoRegular.ufont" 618
"../../../Engine/Content/EngineFonts/Faces/RobotoLight.uasset" 619
"../../../Engine/Content/EngineFonts/Faces/RobotoLight.uexp" 620
"../../../Engine/Content/EngineFonts/Faces/RobotoLight.ufont" 621
"../../../Engine/Content/EngineFonts/Faces/RobotoItalic.uasset" 622
"../../../Engine/Content/EngineFonts/Faces/RobotoItalic.uexp" 623
"../../../Engine/Content/EngineFonts/Faces/RobotoItalic.ufont" 624
"../../../Engine/Content/EngineFonts/Faces/RobotoBoldItalic.uasset" 625
"../../../Engine/Content/EngineFonts/Faces/RobotoBoldItalic.uexp" 626
"../../../Engine/Content/EngineFonts/Faces/RobotoBoldItalic.ufont" 627
"../../../Engine/Content/EngineFonts/Faces/RobotoBold.uasset" 628
"../../../Engine/Content/EngineFonts/Faces/RobotoBold.uexp" 629
"../../../Engine/Content/EngineFonts/Faces/RobotoBold.ufont" 630
"../../../Engine/Content/EngineFonts/Faces/DroidSansFallback.uasset" 631
"../../../Engine/Content/EngineFonts/Faces/DroidSansFallback.uexp" 632
"../../../Engine/Content/EngineFonts/Faces/DroidSansFallback.ufont" 633
"../../../Engine/Content/EngineFonts/Roboto.uasset" 634
"../../../Engine/Content/EngineFonts/Roboto.uexp" 635
"../../../Engine/Content/EngineFonts/Faces/RobotoTiny.uasset" 636
"../../../Engine/Content/EngineFonts/Faces/RobotoTiny.uexp" 637
"../../../Engine/Content/EngineFonts/Faces/RobotoTiny.ufont" 638
"../../../Engine/Content/EngineFonts/RobotoTiny.uasset" 639
"../../../Engine/Content/EngineFonts/RobotoTiny.uexp" 640
"../../../Engine/Content/EngineFonts/SmallFont.uasset" 641
"../../../Engine/Content/EngineFonts/SmallFont.uexp" 642
"../../../Engine/Content/EngineFonts/TinyFont.uasset" 643
"../../../Engine/Content/EngineFonts/TinyFont.uexp" 644
"../../../Engine/Content/BufferVisualization/SceneColor.uasset" 645
"../../../Engine/Content/BufferVisualization/SceneColor.uexp" 646
"../../../Engine/Content/EngineMaterials/DefaultPhysicalMaterial.uasset" 647
"../../../Engine/Content/EngineMaterials/DefaultPhysicalMaterial.uexp" 648
"../../../Engine/Content/BufferVisualization/AmbientOcclusion.uasset" 649
"../../../Engine/Content/BufferVisualization/AmbientOcclusion.uexp" 650
"../../../Engine/Content/BufferVisualization/PostTonemapHDRColor.uasset" 651
"../../../Engine/Content/BufferVisualization/PostTonemapHDRColor.uexp" 652
"../../../Engine/Content/BufferVisualization/BaseColor.uasset" 653
"../../../Engine/Content/BufferVisualization/BaseColor.uexp" 654
"../../../Engine/Content/BufferVisualization/LightingModel.uasset" 655
"../../../Engine/Content/BufferVisualization/LightingModel.uexp" 656
"../../../Engine/Content/BufferVisualization/MaterialAO.uasset" 657
"../../../Engine/Content/BufferVisualization/MaterialAO.uexp" 658
"../../../Engine/Content/BufferVisualization/Metallic.uasset" 659
"../../../Engine/Content/BufferVisualization/Metallic.uexp" 660
"../../../Engine/Content/BufferVisualization/Opacity.uasset" 661
"../../../Engine/Content/BufferVisualization/Opacity.uexp" 662
"../../../Engine/Content/BufferVisualization/Roughness.uasset" 663
"../../../Engine/Content/BufferVisualization/Roughness.uexp" 664
"../../../Engine/Content/BufferVisualization/SceneDepth.uasset" 665
"../../../Engine/Content/BufferVisualization/SceneDepth.uexp" 666
"../../../Engine/Content/BufferVisualization/SeparateTranslucencyA.uasset" 667
"../../../Engine/Content/BufferVisualization/SeparateTranslucencyA.uexp" 668
"../../../Engine/Content/BufferVisualization/SeparateTranslucencyRGB.uasset" 669
"../../../Engine/Content/BufferVisualization/SeparateTranslucencyRGB.uexp" 670
"../../../Engine/Content/BufferVisualization/Specular.uasset" 671
"../../../Engine/Content/BufferVisualization/Specular.uexp" 672
"../../../Engine/Content/BufferVisualization/SubsurfaceColor.uasset" 673
"../../../Engine/Content/BufferVisualization/SubsurfaceColor.uexp" 674
"../../../Engine/Content/BufferVisualization/Velocity.uasset" 675
"../../../Engine/Content/BufferVisualization/Velocity.uexp" 676
"../../../Engine/Content/BufferVisualization/WorldNormal.uasset" 677
"../../../Engine/Content/BufferVisualization/WorldNormal.uexp" 678
"../../../Engine/Content/Functions/Engine_MaterialFunctions02/Utility/VectorLength.uasset" 679
"../../../Engine/Content/Functions/Engine_MaterialFunctions02/Utility/VectorLength.uexp" 680
"../../../Engine/Content/BufferVisualization/CustomDepthWorldUnits.uasset" 681
"../../../Engine/Content/BufferVisualization/CustomDepthWorldUnits.uexp" 682
"../../../Engine/Content/BufferVisualization/SceneDepthWorldUnits.uasset" 683
"../../../Engine/Content/BufferVisualization/SceneDepthWorldUnits.uexp" 684
"../../../Engine/Content/Functions/Engine_MaterialFunctions02/Utility/AppendMany.uasset" 685
"../../../Engine/Content/Functions/Engine_MaterialFunctions02/Utility/AppendMany.uexp" 686
"../../../Engine/Content/BufferVisualization/Anisotropy.uasset" 687
"../../../Engine/Content/BufferVisualization/Anisotropy.uexp" 688
"../../../Engine/Content/BufferVisualization/WorldTangent.uasset" 689
"../../../Engine/Content/BufferVisualization/WorldTangent.uexp" 690
"../../../Engine/Content/BufferVisualization/PreTonemapHDRColor.uasset" 691
"../../../Engine/Content/BufferVisualization/PreTonemapHDRColor.uexp" 692
"../../../Engine/Content/BufferVisualization/CustomDepth.uasset" 693
"../../../Engine/Content/BufferVisualization/CustomDepth.uexp" 694
"../../../Engine/Content/EngineMaterials/MiniFont.uasset" 695
"../../../Engine/Content/EngineMaterials/MiniFont.uexp" 696
"../../../Engine/Content/Functions/Engine_MaterialFunctions01/Texturing/ScaleUVsByCenter.uasset" 697
"../../../Engine/Content/Functions/Engine_MaterialFunctions01/Texturing/ScaleUVsByCenter.uexp" 698
"../../../Engine/Content/Functions/Engine_MaterialFunctions02/ScreenResolution.uasset" 699
"../../../Engine/Content/Functions/Engine_MaterialFunctions02/ScreenResolution.uexp" 700
"../../../Engine/Content/Functions/Engine_MaterialFunctions02/Texturing/ScreenAlignedUVs.uasset" 701
"../../../Engine/Content/Functions/Engine_MaterialFunctions02/Texturing/ScreenAlignedUVs.uexp" 702
"../../../Engine/Content/BufferVisualization/CustomStencil.uasset" 703
"../../../Engine/Content/BufferVisualization/CustomStencil.uexp" 704
"../../../Engine/Content/BufferVisualization/FinalImage.uasset" 705
"../../../Engine/Content/BufferVisualization/FinalImage.uexp" 706
"../../../Engine/Plugins/2D/Paper2D/Content/PlaceholderTextures/DummySpriteTexture.uasset" 707
"../../../Engine/Plugins/2D/Paper2D/Content/PlaceholderTextures/DummySpriteTexture.uexp" 708
"../../../Engine/Plugins/2D/Paper2D/Content/PlaceholderTextures/DummySpriteTexture.ubulk" 709
"../../../Engine/Plugins/2D/Paper2D/Content/DummySprite.uasset" 710
"../../../Engine/Plugins/2D/Paper2D/Content/DummySprite.uexp" 711
"../../../Engine/Plugins/2D/Paper2D/Content/DefaultPaperTerrainMaterial.uasset" 712
"../../../Engine/Plugins/2D/Paper2D/Content/DefaultPaperTerrainMaterial.uexp" 713
"../../../Engine/Plugins/2D/Paper2D/Content/DefaultSpriteMaterial.uasset" 714
"../../../Engine/Plugins/2D/Paper2D/Content/DefaultSpriteMaterial.uexp" 715
"../../../Engine/Plugins/2D/Paper2D/Content/MaskedUnlitSpriteMaterial.uasset" 716
"../../../Engine/Plugins/2D/Paper2D/Content/MaskedUnlitSpriteMaterial.uexp" 717
"../../../Engine/Plugins/2D/Paper2D/Content/OpaqueUnlitSpriteMaterial.uasset" 718
"../../../Engine/Plugins/2D/Paper2D/Content/OpaqueUnlitSpriteMaterial.uexp" 719
"../../../Engine/Plugins/FX/Niagara/Content/Icons/S_ParticleSystem.uasset" 720
"../../../Engine/Plugins/FX/Niagara/Content/Icons/S_ParticleSystem.uexp" 721
"../../../Engine/Plugins/FX/Niagara/Content/Icons/S_ParticleSystem.ubulk" 722
"../../../Engine/Plugins/FX/Niagara/Content/Enums/ENiagaraRandomnessMode.uasset" 723
"../../../Engine/Plugins/FX/Niagara/Content/Enums/ENiagaraRandomnessMode.uexp" 724
"../../../Engine/Plugins/Editor/SpeedTreeImporter/Content/SpeedTree9/game_wind_noise.uasset" 725
"../../../Engine/Plugins/Editor/SpeedTreeImporter/Content/SpeedTree9/game_wind_noise.uexp" 726
"../../../Engine/Plugins/Editor/SpeedTreeImporter/Content/SpeedTree9/game_wind_noise.ubulk" 727
"../../../Engine/Plugins/Editor/SpeedTreeImporter/Content/SpeedTree9/UnpackInteger3.uasset" 728
"../../../Engine/Plugins/Editor/SpeedTreeImporter/Content/SpeedTree9/UnpackInteger3.uexp" 729
"../../../Engine/Plugins/Editor/SpeedTreeImporter/Content/SpeedTree9/UnpackDirection.uasset" 730
"../../../Engine/Plugins/Editor/SpeedTreeImporter/Content/SpeedTree9/UnpackDirection.uexp" 731
"../../../Engine/Content/Functions/Engine_MaterialFunctions02/SafeNormalize.uasset" 732
"../../../Engine/Content/Functions/Engine_MaterialFunctions02/SafeNormalize.uexp" 733
"../../../Engine/Plugins/Editor/SpeedTreeImporter/Content/SpeedTree9/SpeedTreeWindMotion.uasset" 734
"../../../Engine/Plugins/Editor/SpeedTreeImporter/Content/SpeedTree9/SpeedTreeWindMotion.uexp" 735
"../../../Engine/Plugins/Editor/SpeedTreeImporter/Content/SpeedTree9/SpeedTreeBranchMotion.uasset" 736
"../../../Engine/Plugins/Editor/SpeedTreeImporter/Content/SpeedTree9/SpeedTreeBranchMotion.uexp" 737
"../../../Engine/Content/Functions/Engine_MaterialFunctions02/ObjectLocalBounds.uasset" 738
"../../../Engine/Content/Functions/Engine_MaterialFunctions02/ObjectLocalBounds.uexp" 739
"../../../Engine/Content/Functions/Engine_MaterialFunctions02/UVs/BoundingBoxBased_0-1_UVW.uasset" 740
"../../../Engine/Content/Functions/Engine_MaterialFunctions02/UVs/BoundingBoxBased_0-1_UVW.uexp" 741
"../../../Engine/Content/Functions/Engine_MaterialFunctions02/WorldPositionOffset/ObjectScale.uasset" 742
"../../../Engine/Content/Functions/Engine_MaterialFunctions02/WorldPositionOffset/ObjectScale.uexp" 743
"../../../Engine/Plugins/Editor/SpeedTreeImporter/Content/SpeedTree9/SpeedTreeWind.uasset" 744
"../../../Engine/Plugins/Editor/SpeedTreeImporter/Content/SpeedTree9/SpeedTreeWind.uexp" 745
"../../../Engine/Plugins/Editor/SpeedTreeImporter/Content/SpeedTree9/SpeedTreeBillboard.uasset" 746
"../../../Engine/Plugins/Editor/SpeedTreeImporter/Content/SpeedTree9/SpeedTreeBillboard.uexp" 747
"../../../Engine/Plugins/Editor/SpeedTreeImporter/Content/SpeedTree9/EmptyNormal.uasset" 748
"../../../Engine/Plugins/Editor/SpeedTreeImporter/Content/SpeedTree9/EmptyNormal.uexp" 749
"../../../Engine/Plugins/Editor/SpeedTreeImporter/Content/SpeedTree9/Empty.uasset" 750
"../../../Engine/Plugins/Editor/SpeedTreeImporter/Content/SpeedTree9/Empty.uexp" 751
"../../../Engine/Plugins/Editor/SpeedTreeImporter/Content/SpeedTree9/SpeedTreeBillboardMaster.uasset" 752
"../../../Engine/Plugins/Editor/SpeedTreeImporter/Content/SpeedTree9/SpeedTreeBillboardMaster.uexp" 753
"../../../Engine/Plugins/Editor/SpeedTreeImporter/Content/SpeedTree9/SpeedTreeCameraFacing.uasset" 754
"../../../Engine/Plugins/Editor/SpeedTreeImporter/Content/SpeedTree9/SpeedTreeCameraFacing.uexp" 755
"../../../Engine/Plugins/Editor/SpeedTreeImporter/Content/SpeedTree9/SpeedTreeMaster.uasset" 756
"../../../Engine/Plugins/Editor/SpeedTreeImporter/Content/SpeedTree9/SpeedTreeMaster.uexp" 757
"../../../Engine/Content/BasicShapes/Cylinder.uasset" 758
"../../../Engine/Content/BasicShapes/Cylinder.uexp" 759
"../../../Engine/Content/ArtTools/RenderToTexture/Materials/Debug/M_Emissive_Color.uasset" 760
"../../../Engine/Content/ArtTools/RenderToTexture/Materials/Debug/M_Emissive_Color.uexp" 761
"../../../Engine/Plugins/Lumin/MagicLeapPassableWorld/Content/MagicLeapARPinInfoActor.uasset" 762
"../../../Engine/Plugins/Lumin/MagicLeapPassableWorld/Content/MagicLeapARPinInfoActor.uexp" 763
"../../../Engine/Plugins/Runtime/OpenXR/Content/Devices/HTCVive/BaseTexture.uasset" 764
"../../../Engine/Plugins/Runtime/OpenXR/Content/Devices/HTCVive/BaseTexture.uexp" 765
"../../../Engine/Plugins/Runtime/OpenXR/Content/Devices/HTCVive/BaseTexture.ubulk" 766
"../../../Engine/Content/EngineResources/Black.uasset" 767
"../../../Engine/Content/EngineResources/Black.uexp" 768
"../../../Engine/Plugins/Runtime/OpenXR/Content/Devices/M_XRController.uasset" 769
"../../../Engine/Plugins/Runtime/OpenXR/Content/Devices/M_XRController.uexp" 770
"../../../Engine/Plugins/Runtime/OpenXR/Content/Devices/HTCVive/MI_HTCVive.uasset" 771
"../../../Engine/Plugins/Runtime/OpenXR/Content/Devices/HTCVive/MI_HTCVive.uexp" 772
"../../../Engine/Plugins/Runtime/OpenXR/Content/Devices/HTCVive/HTCViveController.uasset" 773
"../../../Engine/Plugins/Runtime/OpenXR/Content/Devices/HTCVive/HTCViveController.uexp" 774
"../../../Engine/Plugins/Runtime/OpenXR/Content/Devices/MicrosoftMixedReality/NormalTexture.uasset" 775
"../../../Engine/Plugins/Runtime/OpenXR/Content/Devices/MicrosoftMixedReality/NormalTexture.uexp" 776
"../../../Engine/Plugins/Runtime/OpenXR/Content/Devices/MicrosoftMixedReality/NormalTexture.ubulk" 777
"../../../Engine/Plugins/Runtime/OpenXR/Content/Devices/MicrosoftMixedReality/MRTexture.uasset" 778
"../../../Engine/Plugins/Runtime/OpenXR/Content/Devices/MicrosoftMixedReality/MRTexture.uexp" 779
"../../../Engine/Plugins/Runtime/OpenXR/Content/Devices/MicrosoftMixedReality/MRTexture.ubulk" 780
"../../../Engine/Plugins/Runtime/OpenXR/Content/Devices/MicrosoftMixedReality/BaseTexture.uasset" 781
"../../../Engine/Plugins/Runtime/OpenXR/Content/Devices/MicrosoftMixedReality/BaseTexture.uexp" 782
"../../../Engine/Plugins/Runtime/OpenXR/Content/Devices/MicrosoftMixedReality/BaseTexture.ubulk" 783
"../../../Engine/Plugins/Runtime/OpenXR/Content/Devices/MicrosoftMixedReality/EmissiveTexture.uasset" 784
"../../../Engine/Plugins/Runtime/OpenXR/Content/Devices/MicrosoftMixedReality/EmissiveTexture.uexp" 785
"../../../Engine/Plugins/Runtime/OpenXR/Content/Devices/MicrosoftMixedReality/EmissiveTexture.ubulk" 786
"../../../Engine/Plugins/Runtime/OpenXR/Content/Devices/MicrosoftMixedReality/MI_MicrosoftMixedReality.uasset" 787
"../../../Engine/Plugins/Runtime/OpenXR/Content/Devices/MicrosoftMixedReality/MI_MicrosoftMixedReality.uexp" 788
"../../../Engine/Plugins/Runtime/OpenXR/Content/Devices/MicrosoftMixedReality/Left/left_MicrosoftMixedRealityController.uasset" 789
"../../../Engine/Plugins/Runtime/OpenXR/Content/Devices/MicrosoftMixedReality/Left/left_MicrosoftMixedRealityController.uexp" 790
"../../../Engine/Plugins/Runtime/OpenXR/Content/Devices/MicrosoftMixedReality/Right/right_MicrosoftMixedRealityController.uasset" 791
"../../../Engine/Plugins/Runtime/OpenXR/Content/Devices/MicrosoftMixedReality/Right/right_MicrosoftMixedRealityController.uexp" 792
"../../../Engine/Plugins/Runtime/OpenXR/Content/Devices/ValveIndex/Right/right_MRTexture.uasset" 793
"../../../Engine/Plugins/Runtime/OpenXR/Content/Devices/ValveIndex/Right/right_MRTexture.uexp" 794
"../../../Engine/Plugins/Runtime/OpenXR/Content/Devices/ValveIndex/Right/right_MRTexture.ubulk" 795
"../../../Engine/Plugins/Runtime/OpenXR/Content/Devices/ValveIndex/Right/right_BaseTexture.uasset" 796
"../../../Engine/Plugins/Runtime/OpenXR/Content/Devices/ValveIndex/Right/right_BaseTexture.uexp" 797
"../../../Engine/Plugins/Runtime/OpenXR/Content/Devices/ValveIndex/Right/right_BaseTexture.ubulk" 798
"../../../Engine/Plugins/Runtime/OpenXR/Content/Devices/ValveIndex/Right/MI_right_ValveIndex.uasset" 799
"../../../Engine/Plugins/Runtime/OpenXR/Content/Devices/ValveIndex/Right/MI_right_ValveIndex.uexp" 800
"../../../Engine/Plugins/Runtime/OpenXR/Content/Devices/ValveIndex/Right/right_ValveIndexController.uasset" 801
"../../../Engine/Plugins/Runtime/OpenXR/Content/Devices/ValveIndex/Right/right_ValveIndexController.uexp" 802
"../../../Engine/Plugins/Runtime/OpenXR/Content/Devices/ValveIndex/Left/left_MRTexture.uasset" 803
"../../../Engine/Plugins/Runtime/OpenXR/Content/Devices/ValveIndex/Left/left_MRTexture.uexp" 804
"../../../Engine/Plugins/Runtime/OpenXR/Content/Devices/ValveIndex/Left/left_MRTexture.ubulk" 805
"../../../Engine/Plugins/Runtime/OpenXR/Content/Devices/ValveIndex/Left/left_BaseTexture.uasset" 806
"../../../Engine/Plugins/Runtime/OpenXR/Content/Devices/ValveIndex/Left/left_BaseTexture.uexp" 807
"../../../Engine/Plugins/Runtime/OpenXR/Content/Devices/ValveIndex/Left/left_BaseTexture.ubulk" 808
"../../../Engine/Plugins/Runtime/OpenXR/Content/Devices/ValveIndex/Left/MI_left_ValveIndex.uasset" 809
"../../../Engine/Plugins/Runtime/OpenXR/Content/Devices/ValveIndex/Left/MI_left_ValveIndex.uexp" 810
"../../../Engine/Plugins/Runtime/OpenXR/Content/Devices/ValveIndex/Left/left_ValveIndexController.uasset" 811
"../../../Engine/Plugins/Runtime/OpenXR/Content/Devices/ValveIndex/Left/left_ValveIndexController.uexp" 812
"../../../Engine/Plugins/Runtime/OpenXR/Content/Devices/OculusTouch/MRTexture.uasset" 813
"../../../Engine/Plugins/Runtime/OpenXR/Content/Devices/OculusTouch/MRTexture.uexp" 814
"../../../Engine/Plugins/Runtime/OpenXR/Content/Devices/OculusTouch/MRTexture.ubulk" 815
"../../../Engine/Plugins/Runtime/OpenXR/Content/Devices/OculusTouch/BaseTexture.uasset" 816
"../../../Engine/Plugins/Runtime/OpenXR/Content/Devices/OculusTouch/BaseTexture.uexp" 817
"../../../Engine/Plugins/Runtime/OpenXR/Content/Devices/OculusTouch/BaseTexture.ubulk" 818
"../../../Engine/Plugins/Runtime/OpenXR/Content/Devices/OculusTouch/MI_OculusTouch.uasset" 819
"../../../Engine/Plugins/Runtime/OpenXR/Content/Devices/OculusTouch/MI_OculusTouch.uexp" 820
"../../../Engine/Plugins/Runtime/OpenXR/Content/Devices/OculusTouch/Right/right_OculusTouchController.uasset" 821
"../../../Engine/Plugins/Runtime/OpenXR/Content/Devices/OculusTouch/Right/right_OculusTouchController.uexp" 822
"../../../Engine/Plugins/Runtime/OpenXR/Content/Devices/OculusTouch/Left/left_OculusTouchController.uasset" 823
"../../../Engine/Plugins/Runtime/OpenXR/Content/Devices/OculusTouch/Left/left_OculusTouchController.uexp" 824
"../../../Engine/Plugins/Runtime/OpenXR/Content/Devices/OculusTouch_v2/MRTexture.uasset" 825
"../../../Engine/Plugins/Runtime/OpenXR/Content/Devices/OculusTouch_v2/MRTexture.uexp" 826
"../../../Engine/Plugins/Runtime/OpenXR/Content/Devices/OculusTouch_v2/MRTexture.ubulk" 827
"../../../Engine/Plugins/Runtime/OpenXR/Content/Devices/OculusTouch_v2/BaseTexture.uasset" 828
"../../../Engine/Plugins/Runtime/OpenXR/Content/Devices/OculusTouch_v2/BaseTexture.uexp" 829
"../../../Engine/Plugins/Runtime/OpenXR/Content/Devices/OculusTouch_v2/BaseTexture.ubulk" 830
"../../../Engine/Plugins/Runtime/OpenXR/Content/Devices/OculusTouch_v2/MI_OculusTouch_v2.uasset" 831
"../../../Engine/Plugins/Runtime/OpenXR/Content/Devices/OculusTouch_v2/MI_OculusTouch_v2.uexp" 832
"../../../Engine/Plugins/Runtime/OpenXR/Content/Devices/OculusTouch_v2/Left/left_OculusTouch_v2Controller.uasset" 833
"../../../Engine/Plugins/Runtime/OpenXR/Content/Devices/OculusTouch_v2/Left/left_OculusTouch_v2Controller.uexp" 834
"../../../Engine/Plugins/Runtime/OpenXR/Content/Devices/OculusTouch_v2/Right/right_OculusTouch_v2Controller.uasset" 835
"../../../Engine/Plugins/Runtime/OpenXR/Content/Devices/OculusTouch_v2/Right/right_OculusTouch_v2Controller.uexp" 836
"../../../Engine/Plugins/Runtime/OpenXR/Content/Devices/OculusTouch_v3/MRTexture.uasset" 837
"../../../Engine/Plugins/Runtime/OpenXR/Content/Devices/OculusTouch_v3/MRTexture.uexp" 838
"../../../Engine/Plugins/Runtime/OpenXR/Content/Devices/OculusTouch_v3/MRTexture.ubulk" 839
"../../../Engine/Plugins/Runtime/OpenXR/Content/Devices/OculusTouch_v3/BaseTexture.uasset" 840
"../../../Engine/Plugins/Runtime/OpenXR/Content/Devices/OculusTouch_v3/BaseTexture.uexp" 841
"../../../Engine/Plugins/Runtime/OpenXR/Content/Devices/OculusTouch_v3/BaseTexture.ubulk" 842
"../../../Engine/Plugins/Runtime/OpenXR/Content/Devices/OculusTouch_v3/MI_OculusTouch_v3.uasset" 843
"../../../Engine/Plugins/Runtime/OpenXR/Content/Devices/OculusTouch_v3/MI_OculusTouch_v3.uexp" 844
"../../../Engine/Plugins/Runtime/OpenXR/Content/Devices/OculusTouch_v3/Right/right_OculusTouch_v3Controller.uasset" 845
"../../../Engine/Plugins/Runtime/OpenXR/Content/Devices/OculusTouch_v3/Right/right_OculusTouch_v3Controller.uexp" 846
"../../../Engine/Plugins/Runtime/OpenXR/Content/Devices/OculusTouch_v3/Left/left_OculusTouch_v3Controller.uasset" 847
"../../../Engine/Plugins/Runtime/OpenXR/Content/Devices/OculusTouch_v3/Left/left_OculusTouch_v3Controller.uexp" 848
"../../../Engine/Plugins/Runtime/OpenXR/Content/Devices/GoogleDaydream/MRTexture.uasset" 849
"../../../Engine/Plugins/Runtime/OpenXR/Content/Devices/GoogleDaydream/MRTexture.uexp" 850
"../../../Engine/Plugins/Runtime/OpenXR/Content/Devices/GoogleDaydream/MRTexture.ubulk" 851
"../../../Engine/Plugins/Runtime/OpenXR/Content/Devices/GoogleDaydream/BaseTexture.uasset" 852
"../../../Engine/Plugins/Runtime/OpenXR/Content/Devices/GoogleDaydream/BaseTexture.uexp" 853
"../../../Engine/Plugins/Runtime/OpenXR/Content/Devices/GoogleDaydream/BaseTexture.ubulk" 854
"../../../Engine/Plugins/Runtime/OpenXR/Content/Devices/GoogleDaydream/MI_GoogleDaydream.uasset" 855
"../../../Engine/Plugins/Runtime/OpenXR/Content/Devices/GoogleDaydream/MI_GoogleDaydream.uexp" 856
"../../../Engine/Plugins/Runtime/OpenXR/Content/Devices/GoogleDaydream/GoogleDaydreamController.uasset" 857
"../../../Engine/Plugins/Runtime/OpenXR/Content/Devices/GoogleDaydream/GoogleDaydreamController.uexp" 858
"../../../Engine/Plugins/Runtime/OpenXR/Content/Devices/OculusGo/BaseTexture.uasset" 859
"../../../Engine/Plugins/Runtime/OpenXR/Content/Devices/OculusGo/BaseTexture.uexp" 860
"../../../Engine/Plugins/Runtime/OpenXR/Content/Devices/OculusGo/BaseTexture.ubulk" 861
"../../../Engine/Plugins/Runtime/OpenXR/Content/Devices/OculusGo/MI_OculusGo.uasset" 862
"../../../Engine/Plugins/Runtime/OpenXR/Content/Devices/OculusGo/MI_OculusGo.uexp" 863
"../../../Engine/Plugins/Runtime/OpenXR/Content/Devices/OculusGo/OculusGoController.uasset" 864
"../../../Engine/Plugins/Runtime/OpenXR/Content/Devices/OculusGo/OculusGoController.uexp" 865
"../../../Engine/Content/Functions/Engine_MaterialFunctions02/Utility/BreakOutFloat4Components.uasset" 866
"../../../Engine/Content/Functions/Engine_MaterialFunctions02/Utility/BreakOutFloat4Components.uexp" 867
"../../../Engine/Plugins/Runtime/Oculus/OculusVR/Content/Materials/OculusMR_ChromaKey.uasset" 868
"../../../Engine/Plugins/Runtime/Oculus/OculusVR/Content/Materials/OculusMR_ChromaKey.uexp" 869
"../../../Engine/Plugins/Runtime/Oculus/OculusVR/Content/Materials/PokeAHoleMaterial.uasset" 870
"../../../Engine/Plugins/Runtime/Oculus/OculusVR/Content/Materials/PokeAHoleMaterial.uexp" 871
"../../../Engine/Plugins/Runtime/Oculus/OculusVR/Content/Materials/OculusMR_OpaqueColoredMaterial.uasset" 872
"../../../Engine/Plugins/Runtime/Oculus/OculusVR/Content/Materials/OculusMR_OpaqueColoredMaterial.uexp" 873
"../../../Engine/Plugins/Runtime/Oculus/OculusVR/Content/Textures/touchController_controlmap.uasset" 874
"../../../Engine/Plugins/Runtime/Oculus/OculusVR/Content/Textures/touchController_controlmap.uexp" 875
"../../../Engine/Plugins/Runtime/Oculus/OculusVR/Content/Textures/touchController_controlmap.ubulk" 876
"../../../Engine/Plugins/Runtime/Oculus/OculusVR/Content/Textures/touchController_albedo.uasset" 877
"../../../Engine/Plugins/Runtime/Oculus/OculusVR/Content/Textures/touchController_albedo.uexp" 878
"../../../Engine/Plugins/Runtime/Oculus/OculusVR/Content/Textures/touchController_albedo.ubulk" 879
"../../../Engine/Plugins/Runtime/Oculus/OculusVR/Content/Materials/touchController_mat.uasset" 880
"../../../Engine/Plugins/Runtime/Oculus/OculusVR/Content/Materials/touchController_mat.uexp" 881
"../../../Engine/Plugins/Runtime/Oculus/OculusVR/Content/Meshes/LeftTouchController.uasset" 882
"../../../Engine/Plugins/Runtime/Oculus/OculusVR/Content/Meshes/LeftTouchController.uexp" 883
"../../../Engine/Plugins/Runtime/Oculus/OculusVR/Content/Meshes/RiftHMD.uasset" 884
"../../../Engine/Plugins/Runtime/Oculus/OculusVR/Content/Meshes/RiftHMD.uexp" 885
"../../../Engine/Plugins/Runtime/Oculus/OculusVR/Content/Textures/TouchForQuestRiftSController_albedo.uasset" 886
"../../../Engine/Plugins/Runtime/Oculus/OculusVR/Content/Textures/TouchForQuestRiftSController_albedo.uexp" 887
"../../../Engine/Plugins/Runtime/Oculus/OculusVR/Content/Textures/TouchForQuestRiftSController_albedo.ubulk" 888
"../../../Engine/Plugins/Runtime/Oculus/OculusVR/Content/Materials/TouchForQuestRiftSControllerMaterial.uasset" 889
"../../../Engine/Plugins/Runtime/Oculus/OculusVR/Content/Materials/TouchForQuestRiftSControllerMaterial.uexp" 890
"../../../Engine/Plugins/Runtime/Oculus/OculusVR/Content/Meshes/LeftTouchForQuestRiftSController.uasset" 891
"../../../Engine/Plugins/Runtime/Oculus/OculusVR/Content/Meshes/LeftTouchForQuestRiftSController.uexp" 892
"../../../Engine/Plugins/Runtime/Oculus/OculusVR/Content/Meshes/RightTouchForQuestRiftSController.uasset" 893
"../../../Engine/Plugins/Runtime/Oculus/OculusVR/Content/Meshes/RightTouchForQuestRiftSController.uexp" 894
"../../../Engine/Plugins/Runtime/Oculus/OculusVR/Content/Meshes/RightTouchController.uasset" 895
"../../../Engine/Plugins/Runtime/Oculus/OculusVR/Content/Meshes/RightTouchController.uexp" 896
"../../../Engine/Content/Maps/Entry_BuiltData.uasset" 897
"../../../Engine/Content/Maps/Entry_BuiltData.uexp" 898
"../../../Engine/Content/Maps/Entry.uexp" 899
"../../../Engine/Content/Maps/Entry.umap" 900
"C:/Users/Aleksandr/Documents/Unreal Projects/Planet_Strat/Content/Maps/Map_1_BuiltData.uasset" 901
"C:/Users/Aleksandr/Documents/Unreal Projects/Planet_Strat/Content/Maps/Map_1_BuiltData.uexp" 902
"C:/Users/Aleksandr/Documents/Unreal Projects/Planet_Strat/Content/Maps/Map_1_BuiltData.ubulk" 903
"C:/Users/Aleksandr/Documents/Unreal Projects/Planet_Strat/Content/Actors/Pawn_Main/Mat_Head.uasset" 904
"C:/Users/Aleksandr/Documents/Unreal Projects/Planet_Strat/Content/Actors/Pawn_Main/Mat_Head.uexp" 905
"C:/Users/Aleksandr/Documents/Unreal Projects/Planet_Strat/Content/Actors/Pawn_Main/character_head.uasset" 906
"C:/Users/Aleksandr/Documents/Unreal Projects/Planet_Strat/Content/Actors/Pawn_Main/character_head.uexp" 907
"C:/Users/Aleksandr/Documents/Unreal Projects/Planet_Strat/Content/Actors/Pawn_Main/Mat_Body.uasset" 908
"C:/Users/Aleksandr/Documents/Unreal Projects/Planet_Strat/Content/Actors/Pawn_Main/Mat_Body.uexp" 909
"C:/Users/Aleksandr/Documents/Unreal Projects/Planet_Strat/Content/Actors/Pawn_Main/character_body.uasset" 910
"C:/Users/Aleksandr/Documents/Unreal Projects/Planet_Strat/Content/Actors/Pawn_Main/character_body.uexp" 911
"C:/Users/Aleksandr/Documents/Unreal Projects/Planet_Strat/Content/Actors/Pawn_Main/BP_Pawn_Main.uasset" 912
"C:/Users/Aleksandr/Documents/Unreal Projects/Planet_Strat/Content/Actors/Pawn_Main/BP_Pawn_Main.uexp" 913
"C:/Users/Aleksandr/Documents/Unreal Projects/Planet_Strat/Content/BP_Gamemode_Main.uasset" 914
"C:/Users/Aleksandr/Documents/Unreal Projects/Planet_Strat/Content/BP_Gamemode_Main.uexp" 915
"C:/Users/Aleksandr/Documents/Unreal Projects/Planet_Strat/Content/Actors/Home/Mat_Table.uasset" 916
"C:/Users/Aleksandr/Documents/Unreal Projects/Planet_Strat/Content/Actors/Home/Mat_Table.uexp" 917
"C:/Users/Aleksandr/Documents/Unreal Projects/Planet_Strat/Content/Actors/Home/Mat_Special.uasset" 918
"C:/Users/Aleksandr/Documents/Unreal Projects/Planet_Strat/Content/Actors/Home/Mat_Special.uexp" 919
"C:/Users/Aleksandr/Documents/Unreal Projects/Planet_Strat/Content/Actors/Home/Mat_Main.uasset" 920
"C:/Users/Aleksandr/Documents/Unreal Projects/Planet_Strat/Content/Actors/Home/Mat_Main.uexp" 921
"C:/Users/Aleksandr/Documents/Unreal Projects/Planet_Strat/Content/Actors/Home/home_1.uasset" 922
"C:/Users/Aleksandr/Documents/Unreal Projects/Planet_Strat/Content/Actors/Home/home_1.uexp" 923
"C:/Users/Aleksandr/Documents/Unreal Projects/Planet_Strat/Content/Actors/Home/BP_MyHome.uasset" 924
"C:/Users/Aleksandr/Documents/Unreal Projects/Planet_Strat/Content/Actors/Home/BP_MyHome.uexp" 925
"../../../Engine/Content/EngineSky/T_Sky_Stars.uasset" 926
"../../../Engine/Content/EngineSky/T_Sky_Stars.uexp" 927
"../../../Engine/Content/EngineSky/T_Sky_Stars.ubulk" 928
"../../../Engine/Content/EngineSky/T_Sky_Clouds_M.uasset" 929
"../../../Engine/Content/EngineSky/T_Sky_Clouds_M.uexp" 930
"../../../Engine/Content/EngineSky/T_Sky_Clouds_M.ubulk" 931
"../../../Engine/Content/EngineSky/T_Sky_Blue.uasset" 932
"../../../Engine/Content/EngineSky/T_Sky_Blue.uexp" 933
"../../../Engine/Content/EngineSky/T_Sky_Blue.ubulk" 934
"../../../Engine/Content/EngineSky/M_Sky_Panning_Clouds2.uasset" 935
"../../../Engine/Content/EngineSky/M_Sky_Panning_Clouds2.uexp" 936
"../../../Engine/Content/EngineSky/C_Sky_Zenith_Color.uasset" 937
"../../../Engine/Content/EngineSky/C_Sky_Zenith_Color.uexp" 938
"../../../Engine/Content/EngineSky/C_Sky_Horizon_Color.uasset" 939
"../../../Engine/Content/EngineSky/C_Sky_Horizon_Color.uexp" 940
"../../../Engine/Content/EngineSky/C_Sky_Cloud_Color.uasset" 941
"../../../Engine/Content/EngineSky/C_Sky_Cloud_Color.uexp" 942
"../../../Engine/Content/EngineSky/SM_SkySphere.uasset" 943
"../../../Engine/Content/EngineSky/SM_SkySphere.uexp" 944
"../../../Engine/Content/EditorBlueprintResources/StandardMacros.uasset" 945
"../../../Engine/Content/EditorBlueprintResources/StandardMacros.uexp" 946
"../../../Engine/Content/EngineSky/BP_Sky_Sphere.uasset" 947
"../../../Engine/Content/EngineSky/BP_Sky_Sphere.uexp" 948
"../../../Engine/Content/MapTemplates/SM_Template_Map_Floor.uasset" 949
"../../../Engine/Content/MapTemplates/SM_Template_Map_Floor.uexp" 950
"C:/Users/Aleksandr/Documents/Unreal Projects/Planet_Strat/Content/Maps/Map_1.uexp" 951
"C:/Users/Aleksandr/Documents/Unreal Projects/Planet_Strat/Content/Maps/Map_1.umap" 952
