"../../../Engine/Content/Functions/Engine_MaterialFunctions01/Shading/PowerToRoughness.uasset" 0
"../../../Engine/Content/Functions/Engine_MaterialFunctions01/Shading/PowerToRoughness.uexp" 1
"../../../Engine/Content/VREditor/LaserPointer/VR_LaserPower_01.uasset" 2
"../../../Engine/Content/VREditor/LaserPointer/VR_LaserPower_01.uexp" 3
"../../../Engine/Content/VREditor/TransformGizmo/TransformGizmoMaterial.uasset" 4
"../../../Engine/Content/VREditor/TransformGizmo/TransformGizmoMaterial.uexp" 5
"../../../Engine/Content/VREditor/TransformGizmo/TranslucentTransformGizmoMaterial.uasset" 6
"../../../Engine/Content/VREditor/TransformGizmo/TranslucentTransformGizmoMaterial.uexp" 7
"../../../Engine/Content/VREditor/TransformGizmo/PlaneTranslationHandle.uasset" 8
"../../../Engine/Content/VREditor/TransformGizmo/PlaneTranslationHandle.uexp" 9
"../../../Engine/Content/VREditor/TransformGizmo/Xray.uasset" 10
"../../../Engine/Content/VREditor/TransformGizmo/Xray.uexp" 11
"../../../Engine/Content/VREditor/TransformGizmo/Main.uasset" 12
"../../../Engine/Content/VREditor/TransformGizmo/Main.uexp" 13
"../../../Engine/Content/VREditor/TransformGizmo/SM_Sequencer_Node.uasset" 14
"../../../Engine/Content/VREditor/TransformGizmo/SM_Sequencer_Node.uexp" 15
"../../../Engine/Content/VREditor/TransformGizmo/SM_Sequencer_Key.uasset" 16
"../../../Engine/Content/VREditor/TransformGizmo/SM_Sequencer_Key.uexp" 17
"../../../Engine/Content/VREditor/TransformGizmo/BoundingBoxCorner.uasset" 18
"../../../Engine/Content/VREditor/TransformGizmo/BoundingBoxCorner.uexp" 19
"../../../Engine/Content/VREditor/TransformGizmo/BoundingBoxEdge.uasset" 20
"../../../Engine/Content/VREditor/TransformGizmo/BoundingBoxEdge.uexp" 21
"../../../Engine/Content/Maps/Templates/Thumbnails/Default.uasset" 22
"../../../Engine/Content/Maps/Templates/Thumbnails/Default.uexp" 23
"../../../Engine/Content/Maps/Templates/Thumbnails/VR-Basic.uasset" 24
"../../../Engine/Content/Maps/Templates/Thumbnails/VR-Basic.uexp" 25
"../../../Engine/Content/Maps/Templates/Thumbnails/TimeOfDay.uasset" 26
"../../../Engine/Content/Maps/Templates/Thumbnails/TimeOfDay.uexp" 27
"../../../Engine/Content/EngineMaterials/T_Default_Material_Grid_N.uasset" 28
"../../../Engine/Content/EngineMaterials/T_Default_Material_Grid_N.uexp" 29
"../../../Engine/Content/EngineMaterials/T_Default_Material_Grid_M.uasset" 30
"../../../Engine/Content/EngineMaterials/T_Default_Material_Grid_M.uexp" 31
"../../../Engine/Content/Functions/Engine_MaterialFunctions01/Opacity/CameraDepthFade.uasset" 32
"../../../Engine/Content/Functions/Engine_MaterialFunctions01/Opacity/CameraDepthFade.uexp" 33
"../../../Engine/Content/EngineMaterials/WorldGridMaterial.uasset" 34
"../../../Engine/Content/EngineMaterials/WorldGridMaterial.uexp" 35
"../../../Engine/Content/ArtTools/RenderToTexture/Meshes/S_1_Unit_Plane.uasset" 36
"../../../Engine/Content/ArtTools/RenderToTexture/Meshes/S_1_Unit_Plane.uexp" 37
"../../../Engine/Content/BasicShapes/Plane.uasset" 38
"../../../Engine/Content/BasicShapes/Plane.uexp" 39
"../../../Engine/Content/EngineMaterials/DefaultMaterial.uasset" 40
"../../../Engine/Content/EngineMaterials/DefaultMaterial.uexp" 41
"../../../Engine/Content/BasicShapes/Cone.uasset" 42
"../../../Engine/Content/BasicShapes/Cone.uexp" 43
"../../../Engine/Content/BasicShapes/Sphere.uasset" 44
"../../../Engine/Content/BasicShapes/Sphere.uexp" 45
"../../../Engine/Content/BasicShapes/Cube.uasset" 46
"../../../Engine/Content/BasicShapes/Cube.uexp" 47
"../../../Engine/Content/Tutorial/ContentIntroCurve.uasset" 48
"../../../Engine/Content/Tutorial/ContentIntroCurve.uexp" 49
"../../../Engine/Content/Tutorial/Basics/TutorialAssets/icon_tab_Levels_40x.uasset" 50
"../../../Engine/Content/Tutorial/Basics/TutorialAssets/icon_tab_Levels_40x.uexp" 51
"../../../Engine/Content/EditorMaterials/MAT_Groups_Toggle.uasset" 52
"../../../Engine/Content/EditorMaterials/MAT_Groups_Toggle.uexp" 53
"../../../Engine/Content/EditorMaterials/MAT_Groups_Visibility.uasset" 54
"../../../Engine/Content/EditorMaterials/MAT_Groups_Visibility.uexp" 55
"../../../Engine/Content/EditorMaterials/PreviewShadowIndicator.uasset" 56
"../../../Engine/Content/EditorMaterials/PreviewShadowIndicator.uexp" 57
"../../../Engine/Content/EditorMaterials/PreviewShadowIndicatorMaterial.uasset" 58
"../../../Engine/Content/EditorMaterials/PreviewShadowIndicatorMaterial.uexp" 59
"../../../Engine/Content/EditorMaterials/MatineeGroups/MAT_ColorTrack.uasset" 60
"../../../Engine/Content/EditorMaterials/MatineeGroups/MAT_ColorTrack.uexp" 61
"../../../Engine/Content/EditorMaterials/MatineeGroups/MAT_Groups_Anim.uasset" 62
"../../../Engine/Content/EditorMaterials/MatineeGroups/MAT_Groups_Anim.uexp" 63
"../../../Engine/Content/EditorMaterials/MatineeGroups/MAT_Groups_AudioMaster.uasset" 64
"../../../Engine/Content/EditorMaterials/MatineeGroups/MAT_Groups_AudioMaster.uexp" 65
"../../../Engine/Content/EditorMaterials/MatineeGroups/MAT_Groups_Director.uasset" 66
"../../../Engine/Content/EditorMaterials/MatineeGroups/MAT_Groups_Director.uexp" 67
"../../../Engine/Content/EditorMaterials/MatineeGroups/MAT_Groups_Event.uasset" 68
"../../../Engine/Content/EditorMaterials/MatineeGroups/MAT_Groups_Event.uexp" 69
"../../../Engine/Content/EditorMaterials/MatineeGroups/MAT_Groups_Fade.uasset" 70
"../../../Engine/Content/EditorMaterials/MatineeGroups/MAT_Groups_Fade.uexp" 71
"../../../Engine/Content/EditorMaterials/MatineeGroups/MAT_Groups_Float.uasset" 72
"../../../Engine/Content/EditorMaterials/MatineeGroups/MAT_Groups_Float.uexp" 73
"../../../Engine/Content/EditorMaterials/MatineeGroups/MAT_Groups_Move.uasset" 74
"../../../Engine/Content/EditorMaterials/MatineeGroups/MAT_Groups_Move.uexp" 75
"../../../Engine/Content/EditorMaterials/MatineeGroups/MAT_Groups_Slomo.uasset" 76
"../../../Engine/Content/EditorMaterials/MatineeGroups/MAT_Groups_Slomo.uexp" 77
"../../../Engine/Content/EditorMaterials/MatineeGroups/MAT_Groups_Sound.uasset" 78
"../../../Engine/Content/EditorMaterials/MatineeGroups/MAT_Groups_Sound.uexp" 79
"../../../Engine/Content/EditorMaterials/MatineeGroups/MAT_Groups_Vector.uasset" 80
"../../../Engine/Content/EditorMaterials/MatineeGroups/MAT_Groups_Vector.uexp" 81
"../../../Engine/Content/EditorMaterials/ParticleSystems/PSysThumbnail_NoImage.uasset" 82
"../../../Engine/Content/EditorMaterials/ParticleSystems/PSysThumbnail_NoImage.uexp" 83
"../../../Engine/Content/EditorMaterials/ParticleSystems/PSysThumbnail_OOD.uasset" 84
"../../../Engine/Content/EditorMaterials/ParticleSystems/PSysThumbnail_OOD.uexp" 85
"../../../Engine/Content/EngineMaterials/DefaultPhysicalMaterial.uasset" 86
"../../../Engine/Content/EngineMaterials/DefaultPhysicalMaterial.uexp" 87
"../../../Engine/Content/EngineMaterials/MiniFont.uasset" 88
"../../../Engine/Content/EngineMaterials/MiniFont.uexp" 89
"../../../Engine/Content/EngineMaterials/GizmoMaterial.uasset" 90
"../../../Engine/Content/EngineMaterials/GizmoMaterial.uexp" 91
"../../../Engine/Content/EngineMaterials/BlueNoise.uasset" 92
"../../../Engine/Content/EngineMaterials/BlueNoise.uexp" 93
"../../../Engine/Content/EngineMaterials/DefaultDiffuse.uasset" 94
"../../../Engine/Content/EngineMaterials/DefaultDiffuse.uexp" 95
"../../../Engine/Content/EngineMaterials/DefaultDeferredDecalMaterial.uasset" 96
"../../../Engine/Content/EngineMaterials/DefaultDeferredDecalMaterial.uexp" 97
"../../../Engine/Content/EngineMaterials/DefaultBloomKernel.uasset" 98
"../../../Engine/Content/EngineMaterials/DefaultBloomKernel.uexp" 99
"../../../Engine/Content/EngineMaterials/DefaultBokeh.uasset" 100
"../../../Engine/Content/EngineMaterials/DefaultBokeh.uexp" 101
"../../../Engine/Content/EngineMaterials/DefaultLightFunctionMaterial.uasset" 102
"../../../Engine/Content/EngineMaterials/DefaultLightFunctionMaterial.uexp" 103
"../../../Engine/Content/Functions/Engine_MaterialFunctions02/Utility/BreakOutFloat2Components.uasset" 104
"../../../Engine/Content/Functions/Engine_MaterialFunctions02/Utility/BreakOutFloat2Components.uexp" 105
"../../../Engine/Content/EngineMaterials/DefaultPostProcessMaterial.uasset" 106
"../../../Engine/Content/EngineMaterials/DefaultPostProcessMaterial.uexp" 107
"../../../Engine/Content/EngineMaterials/DefaultTextMaterialOpaque.uasset" 108
"../../../Engine/Content/EngineMaterials/DefaultTextMaterialOpaque.uexp" 109
"../../../Engine/Content/EngineMaterials/DefaultWhiteGrid.uasset" 110
"../../../Engine/Content/EngineMaterials/DefaultWhiteGrid.uexp" 111
"../../../Engine/Content/EngineMaterials/Good64x64TilingNoiseHighFreq.uasset" 112
"../../../Engine/Content/EngineMaterials/Good64x64TilingNoiseHighFreq.uexp" 113
"../../../Engine/Content/EngineMaterials/BaseFlattenDiffuseMap.uasset" 114
"../../../Engine/Content/EngineMaterials/BaseFlattenDiffuseMap.uexp" 115
"../../../Engine/Content/EngineMaterials/BaseFlattenGrayscaleMap.uasset" 116
"../../../Engine/Content/EngineMaterials/BaseFlattenGrayscaleMap.uexp" 117
"../../../Engine/Content/EngineMaterials/BaseFlattenEmissiveMap.uasset" 118
"../../../Engine/Content/EngineMaterials/BaseFlattenEmissiveMap.uexp" 119
"../../../Engine/Content/EngineMaterials/BaseFlattenNormalMap.uasset" 120
"../../../Engine/Content/EngineMaterials/BaseFlattenNormalMap.uexp" 121
"../../../Engine/Content/EngineMaterials/BaseFlattenMaterial.uasset" 122
"../../../Engine/Content/EngineMaterials/BaseFlattenMaterial.uexp" 123
"../../../Engine/Content/Functions/Engine_MaterialFunctions02/WorldPositionOffset/CameraOffset.uasset" 124
"../../../Engine/Content/Functions/Engine_MaterialFunctions02/WorldPositionOffset/CameraOffset.uexp" 125
"../../../Engine/Content/EngineMaterials/PhAT_JointLimitMaterial.uasset" 126
"../../../Engine/Content/EngineMaterials/PhAT_JointLimitMaterial.uexp" 127
"../../../Engine/Content/EngineResources/WhiteSquareTexture.uasset" 128
"../../../Engine/Content/EngineResources/WhiteSquareTexture.uexp" 129
"../../../Engine/Content/EngineMaterials/Widget3DPassThrough.uasset" 130
"../../../Engine/Content/EngineMaterials/Widget3DPassThrough.uexp" 131
"../../../Engine/Content/EngineMaterials/Widget3DPassThrough_Masked.uasset" 132
"../../../Engine/Content/EngineMaterials/Widget3DPassThrough_Masked.uexp" 133
"../../../Engine/Content/EngineMaterials/Widget3DPassThrough_Opaque.uasset" 134
"../../../Engine/Content/EngineMaterials/Widget3DPassThrough_Opaque.uexp" 135
"../../../Engine/Content/EngineMaterials/Widget3DPassThrough_Masked_OneSided.uasset" 136
"../../../Engine/Content/EngineMaterials/Widget3DPassThrough_Masked_OneSided.uexp" 137
"../../../Engine/Content/EngineMaterials/Widget3DPassThrough_Opaque_OneSided.uasset" 138
"../../../Engine/Content/EngineMaterials/Widget3DPassThrough_Opaque_OneSided.uexp" 139
"../../../Engine/Content/EngineMaterials/Widget3DPassThrough_Translucent.uasset" 140
"../../../Engine/Content/EngineMaterials/Widget3DPassThrough_Translucent.uexp" 141
"../../../Engine/Content/EngineMaterials/Widget3DPassThrough_Translucent_OneSided.uasset" 142
"../../../Engine/Content/EngineMaterials/Widget3DPassThrough_Translucent_OneSided.uexp" 143
"../../../Engine/Content/EngineMaterials/DefaultWhiteGrid_Low.uasset" 144
"../../../Engine/Content/EngineMaterials/DefaultWhiteGrid_Low.uexp" 145
"../../../Engine/Content/EngineMaterials/EmissiveMeshMaterial.uasset" 146
"../../../Engine/Content/EngineMaterials/EmissiveMeshMaterial.uexp" 147
"../../../Engine/Content/EngineMaterials/DefaultCalibrationColor.uasset" 148
"../../../Engine/Content/EngineMaterials/DefaultCalibrationColor.uexp" 149
"../../../Engine/Content/EngineMaterials/PPM_DefaultCalibrationColor.uasset" 150
"../../../Engine/Content/EngineMaterials/PPM_DefaultCalibrationColor.uexp" 151
"../../../Engine/Content/EngineMaterials/DefaultCalibrationGrayscale.uasset" 152
"../../../Engine/Content/EngineMaterials/DefaultCalibrationGrayscale.uexp" 153
"../../../Engine/Content/EngineMaterials/PPM_DefaultCalibrationGrayscale.uasset" 154
"../../../Engine/Content/EngineMaterials/PPM_DefaultCalibrationGrayscale.uexp" 155
"../../../Engine/Content/EngineMaterials/InvalidLightmapSettings.uasset" 156
"../../../Engine/Content/EngineMaterials/InvalidLightmapSettings.uexp" 157
"../../../Engine/Content/EngineMaterials/M_InvalidLightmapSettings.uasset" 158
"../../../Engine/Content/EngineMaterials/M_InvalidLightmapSettings.uexp" 159
"../../../Engine/Content/EngineMaterials/PreintegratedSkinBRDF.uasset" 160
"../../../Engine/Content/EngineMaterials/PreintegratedSkinBRDF.uexp" 161
"../../../Engine/Content/EngineMaterials/RemoveSurfaceMaterial.uasset" 162
"../../../Engine/Content/EngineMaterials/RemoveSurfaceMaterial.uexp" 163
"../../../Engine/Content/EngineMaterials/WeightMapPlaceholderTexture.uasset" 164
"../../../Engine/Content/EngineMaterials/WeightMapPlaceholderTexture.uexp" 165
"../../../Engine/Content/EngineSounds/Master.uasset" 166
"../../../Engine/Content/EngineSounds/Master.uexp" 167
"../../../Engine/Content/EngineMeshes/Cylinder.uasset" 168
"../../../Engine/Content/EngineMeshes/Cylinder.uexp" 169
"../../../Engine/Content/EngineMeshes/Sphere.uasset" 170
"../../../Engine/Content/EngineMeshes/Sphere.uexp" 171
"../../../Engine/Content/EngineDebugMaterials/DebugMeshMaterial.uasset" 172
"../../../Engine/Content/EngineDebugMaterials/DebugMeshMaterial.uexp" 173
"../../../Engine/Content/EngineDebugMaterials/M_SimpleUnlitTranslucent.uasset" 174
"../../../Engine/Content/EngineDebugMaterials/M_SimpleUnlitTranslucent.uexp" 175
"../../../Engine/Content/EngineDebugMaterials/VolumeToRender.uasset" 176
"../../../Engine/Content/EngineDebugMaterials/VolumeToRender.uexp" 177
"../../../Engine/Content/Functions/Engine_MaterialFunctions02/Utility/CameraDirectionVector.uasset" 178
"../../../Engine/Content/Functions/Engine_MaterialFunctions02/Utility/CameraDirectionVector.uexp" 179
"../../../Engine/Content/EngineDebugMaterials/M_VolumeRenderSphereTracePP.uasset" 180
"../../../Engine/Content/EngineDebugMaterials/M_VolumeRenderSphereTracePP.uexp" 181
"../../../Engine/Content/Functions/Engine_MaterialFunctions01/Shading/ConvertFromDiffSpec.uasset" 182
"../../../Engine/Content/Functions/Engine_MaterialFunctions01/Shading/ConvertFromDiffSpec.uexp" 183
"../../../Engine/Content/EngineDebugMaterials/VertexColorMaterial.uasset" 184
"../../../Engine/Content/EngineDebugMaterials/VertexColorMaterial.uexp" 185
"../../../Engine/Content/EngineDebugMaterials/WireframeMaterial.uasset" 186
"../../../Engine/Content/EngineDebugMaterials/WireframeMaterial.uexp" 187
"../../../Engine/Content/EngineDebugMaterials/DebugEditorMaterial.uasset" 188
"../../../Engine/Content/EngineDebugMaterials/DebugEditorMaterial.uexp" 189
"../../../Engine/Content/MobileResources/T_MobileControls_texture.uasset" 190
"../../../Engine/Content/MobileResources/T_MobileControls_texture.uexp" 191
"../../../Engine/Content/MobileResources/T_MobileMenu2.uasset" 192
"../../../Engine/Content/MobileResources/T_MobileMenu2.uexp" 193
"../../../Engine/Content/MobileResources/HUD/AnalogHat.uasset" 194
"../../../Engine/Content/MobileResources/HUD/AnalogHat.uexp" 195
"../../../Engine/Content/MobileResources/HUD/MobileHUDButton1_off.uasset" 196
"../../../Engine/Content/MobileResources/HUD/MobileHUDButton1_off.uexp" 197
"../../../Engine/Content/MobileResources/HUD/MobileHUDButtonFire.uasset" 198
"../../../Engine/Content/MobileResources/HUD/MobileHUDButtonFire.uexp" 199
"../../../Engine/Content/MobileResources/HUD/MobileHUDDirectionPad.uasset" 200
"../../../Engine/Content/MobileResources/HUD/MobileHUDDirectionPad.uexp" 201
"../../../Engine/Content/MobileResources/HUD/VirtualJoystick_Background.uasset" 202
"../../../Engine/Content/MobileResources/HUD/VirtualJoystick_Background.uexp" 203
"../../../Engine/Content/MobileResources/HUD/VirtualJoystick_Thumb.uasset" 204
"../../../Engine/Content/MobileResources/HUD/VirtualJoystick_Thumb.uexp" 205
"../../../Engine/Content/MobileResources/HUD/DefaultVirtualJoysticks.uasset" 206
"../../../Engine/Content/MobileResources/HUD/DefaultVirtualJoysticks.uexp" 207
"../../../Engine/Content/MobileResources/HUD/LeftVirtualJoystickOnly.uasset" 208
"../../../Engine/Content/MobileResources/HUD/LeftVirtualJoystickOnly.uexp" 209
"../../../Engine/Content/MobileResources/HUD/MobileHUDButton1_on.uasset" 210
"../../../Engine/Content/MobileResources/HUD/MobileHUDButton1_on.uexp" 211
"../../../Engine/Content/MobileResources/HUD/MobileHUDButton3.uasset" 212
"../../../Engine/Content/MobileResources/HUD/MobileHUDButton3.uexp" 213
"../../../Engine/Content/MobileResources/HUD/MobileHUDDirectionPad3.uasset" 214
"../../../Engine/Content/MobileResources/HUD/MobileHUDDirectionPad3.uexp" 215
"../../../Engine/Content/MobileResources/HUD/MobileHUDDirectionStick.uasset" 216
"../../../Engine/Content/MobileResources/HUD/MobileHUDDirectionStick.uexp" 217
"../../../Engine/Content/MobileResources/HUD/T_Castle_ThumbstickOutter.uasset" 218
"../../../Engine/Content/MobileResources/HUD/T_Castle_ThumbstickOutter.uexp" 219
"../../../Engine/Content/MobileResources/HUD/T_Castle_ThumbstickInner.uasset" 220
"../../../Engine/Content/MobileResources/HUD/T_Castle_ThumbstickInner.uexp" 221
"../../../Engine/Content/MobileResources/HUD/MobileHUDButton2_off.uasset" 222
"../../../Engine/Content/MobileResources/HUD/MobileHUDButton2_off.uexp" 223
"../../../Engine/Content/MobileResources/HUD/MobileHUDButton2_on.uasset" 224
"../../../Engine/Content/MobileResources/HUD/MobileHUDButton2_on.uexp" 225
"../../../Engine/Content/MobileResources/HUD/MobileHUDDirectionPad2.uasset" 226
"../../../Engine/Content/MobileResources/HUD/MobileHUDDirectionPad2.uexp" 227
"../../../Engine/Content/EngineSky/VolumetricClouds/CloudGradientTexture.uasset" 228
"../../../Engine/Content/EngineSky/VolumetricClouds/CloudGradientTexture.uexp" 229
"../../../Engine/Content/EngineSky/VolumetricClouds/T_NoiseShape64.uasset" 230
"../../../Engine/Content/EngineSky/VolumetricClouds/T_NoiseShape64.uexp" 231
"../../../Engine/Content/EngineSky/VolumetricClouds/T_VolumeNoiseShape64.uasset" 232
"../../../Engine/Content/EngineSky/VolumetricClouds/T_VolumeNoiseShape64.uexp" 233
"../../../Engine/Content/EngineSky/VolumetricClouds/T_NoiseErosion.uasset" 234
"../../../Engine/Content/EngineSky/VolumetricClouds/T_NoiseErosion.uexp" 235
"../../../Engine/Content/EngineSky/VolumetricClouds/T_VolumeNoiseErosion32.uasset" 236
"../../../Engine/Content/EngineSky/VolumetricClouds/T_VolumeNoiseErosion32.uexp" 237
"../../../Engine/Content/EngineSky/VolumetricClouds/CloudWeatherTexture.uasset" 238
"../../../Engine/Content/EngineSky/VolumetricClouds/CloudWeatherTexture.uexp" 239
"../../../Engine/Content/Functions/Engine_MaterialFunctions02/Utility/MakeFloat2.uasset" 240
"../../../Engine/Content/Functions/Engine_MaterialFunctions02/Utility/MakeFloat2.uexp" 241
"../../../Engine/Content/EngineSky/VolumetricClouds/m_SimpleVolumetricCloud.uasset" 242
"../../../Engine/Content/EngineSky/VolumetricClouds/m_SimpleVolumetricCloud.uexp" 243
"../../../Engine/Content/EngineSky/VolumetricClouds/m_SimpleVolumetricCloud_Inst.uasset" 244
"../../../Engine/Content/EngineSky/VolumetricClouds/m_SimpleVolumetricCloud_Inst.uexp" 245
"../../../Engine/Content/EditorMaterials/Camera/CineMat.uasset" 246
"../../../Engine/Content/EditorMaterials/Camera/CineMat.uexp" 247
"../../../Engine/Content/EditorMaterials/Camera/MI_CineMat_Rig.uasset" 248
"../../../Engine/Content/EditorMaterials/Camera/MI_CineMat_Rig.uexp" 249
"../../../Engine/Content/EditorMeshes/Camera/SM_CraneRig_Body.uasset" 250
"../../../Engine/Content/EditorMeshes/Camera/SM_CraneRig_Body.uexp" 251
"../../../Engine/Content/EditorMeshes/Camera/SM_CraneRig_Mount.uasset" 252
"../../../Engine/Content/EditorMeshes/Camera/SM_CraneRig_Mount.uexp" 253
"../../../Engine/Content/EditorMeshes/Camera/SM_RailRig_Mount.uasset" 254
"../../../Engine/Content/EditorMeshes/Camera/SM_RailRig_Mount.uexp" 255
"../../../Engine/Content/EditorMeshes/Camera/SM_RailRig_Track.uasset" 256
"../../../Engine/Content/EditorMeshes/Camera/SM_RailRig_Track.uexp" 257
"../../../Engine/Content/EditorMeshes/Camera/SM_CraneRig_Arm.uasset" 258
"../../../Engine/Content/EditorMeshes/Camera/SM_CraneRig_Arm.uexp" 259
"../../../Engine/Content/EditorMeshes/Camera/SM_CraneRig_Base.uasset" 260
"../../../Engine/Content/EditorMeshes/Camera/SM_CraneRig_Base.uexp" 261
"../../../Engine/Content/EditorResources/S_Solver.uasset" 262
"../../../Engine/Content/EditorResources/S_Solver.uexp" 263
"../../../Engine/Content/EditorResources/S_Actor.uasset" 264
"../../../Engine/Content/EditorResources/S_Actor.uexp" 265
"../../../Engine/Content/EditorResources/BSPVertex.uasset" 266
"../../../Engine/Content/EditorResources/BSPVertex.uexp" 267
"../../../Engine/Content/EditorResources/S_Terrain.uasset" 268
"../../../Engine/Content/EditorResources/S_Terrain.uexp" 269
"../../../Engine/Content/EditorResources/S_Trigger.uasset" 270
"../../../Engine/Content/EditorResources/S_Trigger.uexp" 271
"../../../Engine/Content/EditorResources/EmptyActor.uasset" 272
"../../../Engine/Content/EditorResources/EmptyActor.uexp" 273
"../../../Engine/Content/EditorResources/S_Note.uasset" 274
"../../../Engine/Content/EditorResources/S_Note.uexp" 275
"../../../Engine/Content/EditorResources/SequenceRecorder/Countdown.uasset" 276
"../../../Engine/Content/EditorResources/SequenceRecorder/Countdown.uexp" 277
"../../../Engine/Content/EditorResources/SequenceRecorder/RecordingIndicator.uasset" 278
"../../../Engine/Content/EditorResources/SequenceRecorder/RecordingIndicator.uexp" 279
"../../../Engine/Content/EditorResources/LightIcons/S_LightError.uasset" 280
"../../../Engine/Content/EditorResources/LightIcons/S_LightError.uexp" 281
"../../../Engine/Content/EngineResources/DefaultTexture.uasset" 282
"../../../Engine/Content/EngineResources/DefaultTexture.uexp" 283
"../../../Engine/Content/EngineResources/DefaultTextureCube.uasset" 284
"../../../Engine/Content/EngineResources/DefaultTextureCube.uexp" 285
"../../../Engine/Content/EngineResources/GradientTexture0.uasset" 286
"../../../Engine/Content/EngineResources/GradientTexture0.uexp" 287
"../../../Engine/Content/EngineResources/DefaultVolumeTexture2D.uasset" 288
"../../../Engine/Content/EngineResources/DefaultVolumeTexture2D.uexp" 289
"../../../Engine/Content/EngineResources/DefaultVolumeTexture.uasset" 290
"../../../Engine/Content/EngineResources/DefaultVolumeTexture.uexp" 291
"../../../Engine/Content/EngineDamageTypes/DmgTypeBP_Environmental.uasset" 292
"../../../Engine/Content/EngineDamageTypes/DmgTypeBP_Environmental.uexp" 293
"../../../Engine/Content/EditorLandscapeResources/DataLayer.uasset" 294
"../../../Engine/Content/EditorLandscapeResources/DataLayer.uexp" 295
"../../../Engine/Content/EditorLandscapeResources/DefaultAlphaTexture.uasset" 296
"../../../Engine/Content/EditorLandscapeResources/DefaultAlphaTexture.uexp" 297
"../../../Engine/Content/EngineFonts/Faces/RobotoRegular.uasset" 298
"../../../Engine/Content/EngineFonts/Faces/RobotoRegular.uexp" 299
"../../../Engine/Content/EngineFonts/Faces/RobotoRegular.ufont" 300
"../../../Engine/Content/EngineFonts/Faces/RobotoLight.uasset" 301
"../../../Engine/Content/EngineFonts/Faces/RobotoLight.uexp" 302
"../../../Engine/Content/EngineFonts/Faces/RobotoLight.ufont" 303
"../../../Engine/Content/EngineFonts/Faces/RobotoItalic.uasset" 304
"../../../Engine/Content/EngineFonts/Faces/RobotoItalic.uexp" 305
"../../../Engine/Content/EngineFonts/Faces/RobotoItalic.ufont" 306
"../../../Engine/Content/EngineFonts/Faces/RobotoBoldItalic.uasset" 307
"../../../Engine/Content/EngineFonts/Faces/RobotoBoldItalic.uexp" 308
"../../../Engine/Content/EngineFonts/Faces/RobotoBoldItalic.ufont" 309
"../../../Engine/Content/EngineFonts/Faces/RobotoBold.uasset" 310
"../../../Engine/Content/EngineFonts/Faces/RobotoBold.uexp" 311
"../../../Engine/Content/EngineFonts/Faces/RobotoBold.ufont" 312
"../../../Engine/Content/EngineFonts/Faces/DroidSansFallback.uasset" 313
"../../../Engine/Content/EngineFonts/Faces/DroidSansFallback.uexp" 314
"../../../Engine/Content/EngineFonts/Faces/DroidSansFallback.ufont" 315
"../../../Engine/Plugins/2D/Paper2D/Content/PlaceholderTextures/DummySpriteTexture.uasset" 316
"../../../Engine/Plugins/2D/Paper2D/Content/PlaceholderTextures/DummySpriteTexture.uexp" 317
"../../../Engine/Plugins/2D/Paper2D/Content/DummySprite.uasset" 318
"../../../Engine/Plugins/2D/Paper2D/Content/DummySprite.uexp" 319
"../../../Engine/Plugins/2D/Paper2D/Content/DefaultPaperTerrainMaterial.uasset" 320
"../../../Engine/Plugins/2D/Paper2D/Content/DefaultPaperTerrainMaterial.uexp" 321
"../../../Engine/Plugins/2D/Paper2D/Content/DefaultSpriteMaterial.uasset" 322
"../../../Engine/Plugins/2D/Paper2D/Content/DefaultSpriteMaterial.uexp" 323
"../../../Engine/Plugins/2D/Paper2D/Content/MaskedUnlitSpriteMaterial.uasset" 324
"../../../Engine/Plugins/2D/Paper2D/Content/MaskedUnlitSpriteMaterial.uexp" 325
"../../../Engine/Plugins/2D/Paper2D/Content/OpaqueUnlitSpriteMaterial.uasset" 326
"../../../Engine/Plugins/2D/Paper2D/Content/OpaqueUnlitSpriteMaterial.uexp" 327
"../../../Engine/Plugins/Editor/SpeedTreeImporter/Content/SpeedTree9/game_wind_noise.uasset" 328
"../../../Engine/Plugins/Editor/SpeedTreeImporter/Content/SpeedTree9/game_wind_noise.uexp" 329
"../../../Engine/Content/Functions/Engine_MaterialFunctions02/Utility/BreakOutFloat3Components.uasset" 330
"../../../Engine/Content/Functions/Engine_MaterialFunctions02/Utility/BreakOutFloat3Components.uexp" 331
"../../../Engine/Plugins/Editor/SpeedTreeImporter/Content/SpeedTree9/UnpackInteger3.uasset" 332
"../../../Engine/Plugins/Editor/SpeedTreeImporter/Content/SpeedTree9/UnpackInteger3.uexp" 333
"../../../Engine/Plugins/Editor/SpeedTreeImporter/Content/SpeedTree9/UnpackDirection.uasset" 334
"../../../Engine/Plugins/Editor/SpeedTreeImporter/Content/SpeedTree9/UnpackDirection.uexp" 335
"../../../Engine/Content/Functions/Engine_MaterialFunctions02/SafeNormalize.uasset" 336
"../../../Engine/Content/Functions/Engine_MaterialFunctions02/SafeNormalize.uexp" 337
"../../../Engine/Plugins/Editor/SpeedTreeImporter/Content/SpeedTree9/SpeedTreeWindMotion.uasset" 338
"../../../Engine/Plugins/Editor/SpeedTreeImporter/Content/SpeedTree9/SpeedTreeWindMotion.uexp" 339
"../../../Engine/Plugins/Editor/SpeedTreeImporter/Content/SpeedTree9/SpeedTreeBranchMotion.uasset" 340
"../../../Engine/Plugins/Editor/SpeedTreeImporter/Content/SpeedTree9/SpeedTreeBranchMotion.uexp" 341
"../../../Engine/Content/Functions/Engine_MaterialFunctions02/ObjectLocalBounds.uasset" 342
"../../../Engine/Content/Functions/Engine_MaterialFunctions02/ObjectLocalBounds.uexp" 343
"../../../Engine/Content/Functions/Engine_MaterialFunctions02/UVs/BoundingBoxBased_0-1_UVW.uasset" 344
"../../../Engine/Content/Functions/Engine_MaterialFunctions02/UVs/BoundingBoxBased_0-1_UVW.uexp" 345
"../../../Engine/Content/Functions/Engine_MaterialFunctions02/Utility/VectorLength.uasset" 346
"../../../Engine/Content/Functions/Engine_MaterialFunctions02/Utility/VectorLength.uexp" 347
"../../../Engine/Content/Functions/Engine_MaterialFunctions02/WorldPositionOffset/ObjectScale.uasset" 348
"../../../Engine/Content/Functions/Engine_MaterialFunctions02/WorldPositionOffset/ObjectScale.uexp" 349
"../../../Engine/Plugins/Editor/SpeedTreeImporter/Content/SpeedTree9/SpeedTreeWind.uasset" 350
"../../../Engine/Plugins/Editor/SpeedTreeImporter/Content/SpeedTree9/SpeedTreeWind.uexp" 351
"../../../Engine/Plugins/Editor/SpeedTreeImporter/Content/SpeedTree9/SpeedTreeBillboard.uasset" 352
"../../../Engine/Plugins/Editor/SpeedTreeImporter/Content/SpeedTree9/SpeedTreeBillboard.uexp" 353
"../../../Engine/Plugins/Editor/SpeedTreeImporter/Content/SpeedTree9/EmptyNormal.uasset" 354
"../../../Engine/Plugins/Editor/SpeedTreeImporter/Content/SpeedTree9/EmptyNormal.uexp" 355
"../../../Engine/Plugins/Editor/SpeedTreeImporter/Content/SpeedTree9/Empty.uasset" 356
"../../../Engine/Plugins/Editor/SpeedTreeImporter/Content/SpeedTree9/Empty.uexp" 357
"../../../Engine/Plugins/Editor/SpeedTreeImporter/Content/SpeedTree9/SpeedTreeBillboardMaster.uasset" 358
"../../../Engine/Plugins/Editor/SpeedTreeImporter/Content/SpeedTree9/SpeedTreeBillboardMaster.uexp" 359
"../../../Engine/Plugins/Editor/SpeedTreeImporter/Content/SpeedTree9/SpeedTreeCameraFacing.uasset" 360
"../../../Engine/Plugins/Editor/SpeedTreeImporter/Content/SpeedTree9/SpeedTreeCameraFacing.uexp" 361
"../../../Engine/Plugins/Editor/SpeedTreeImporter/Content/SpeedTree9/SpeedTreeMaster.uasset" 362
"../../../Engine/Plugins/Editor/SpeedTreeImporter/Content/SpeedTree9/SpeedTreeMaster.uexp" 363
"../../../Engine/Content/BasicShapes/Cylinder.uasset" 364
"../../../Engine/Content/BasicShapes/Cylinder.uexp" 365
"../../../Engine/Content/ArtTools/RenderToTexture/Materials/Debug/M_Emissive_Color.uasset" 366
"../../../Engine/Content/ArtTools/RenderToTexture/Materials/Debug/M_Emissive_Color.uexp" 367
"../../../Engine/Plugins/Lumin/MagicLeapPassableWorld/Content/MagicLeapARPinInfoActor.uasset" 368
"../../../Engine/Plugins/Lumin/MagicLeapPassableWorld/Content/MagicLeapARPinInfoActor.uexp" 369
"../../../Engine/Content/EngineResources/Black.uasset" 370
"../../../Engine/Content/EngineResources/Black.uexp" 371
"../../../Engine/Plugins/Runtime/OpenXR/Content/Devices/M_XRController.uasset" 372
"../../../Engine/Plugins/Runtime/OpenXR/Content/Devices/M_XRController.uexp" 373
"../../../Engine/Plugins/Runtime/OpenXR/Content/Devices/HTCVive/BaseTexture.uasset" 374
"../../../Engine/Plugins/Runtime/OpenXR/Content/Devices/HTCVive/BaseTexture.uexp" 375
"../../../Engine/Plugins/Runtime/OpenXR/Content/Devices/HTCVive/MI_HTCVive.uasset" 376
"../../../Engine/Plugins/Runtime/OpenXR/Content/Devices/HTCVive/MI_HTCVive.uexp" 377
"../../../Engine/Plugins/Runtime/OpenXR/Content/Devices/HTCVive/HTCViveController.uasset" 378
"../../../Engine/Plugins/Runtime/OpenXR/Content/Devices/HTCVive/HTCViveController.uexp" 379
"../../../Engine/Plugins/Runtime/OpenXR/Content/Devices/MicrosoftMixedReality/NormalTexture.uasset" 380
"../../../Engine/Plugins/Runtime/OpenXR/Content/Devices/MicrosoftMixedReality/NormalTexture.uexp" 381
"../../../Engine/Plugins/Runtime/OpenXR/Content/Devices/MicrosoftMixedReality/MRTexture.uasset" 382
"../../../Engine/Plugins/Runtime/OpenXR/Content/Devices/MicrosoftMixedReality/MRTexture.uexp" 383
"../../../Engine/Plugins/Runtime/OpenXR/Content/Devices/MicrosoftMixedReality/BaseTexture.uasset" 384
"../../../Engine/Plugins/Runtime/OpenXR/Content/Devices/MicrosoftMixedReality/BaseTexture.uexp" 385
"../../../Engine/Plugins/Runtime/OpenXR/Content/Devices/MicrosoftMixedReality/EmissiveTexture.uasset" 386
"../../../Engine/Plugins/Runtime/OpenXR/Content/Devices/MicrosoftMixedReality/EmissiveTexture.uexp" 387
"../../../Engine/Plugins/Runtime/OpenXR/Content/Devices/MicrosoftMixedReality/MI_MicrosoftMixedReality.uasset" 388
"../../../Engine/Plugins/Runtime/OpenXR/Content/Devices/MicrosoftMixedReality/MI_MicrosoftMixedReality.uexp" 389
"../../../Engine/Plugins/Runtime/OpenXR/Content/Devices/MicrosoftMixedReality/Left/left_MicrosoftMixedRealityController.uasset" 390
"../../../Engine/Plugins/Runtime/OpenXR/Content/Devices/MicrosoftMixedReality/Left/left_MicrosoftMixedRealityController.uexp" 391
"../../../Engine/Plugins/Runtime/OpenXR/Content/Devices/MicrosoftMixedReality/Right/right_MicrosoftMixedRealityController.uasset" 392
"../../../Engine/Plugins/Runtime/OpenXR/Content/Devices/MicrosoftMixedReality/Right/right_MicrosoftMixedRealityController.uexp" 393
"../../../Engine/Plugins/Runtime/OpenXR/Content/Devices/ValveIndex/Right/right_MRTexture.uasset" 394
"../../../Engine/Plugins/Runtime/OpenXR/Content/Devices/ValveIndex/Right/right_MRTexture.uexp" 395
"../../../Engine/Plugins/Runtime/OpenXR/Content/Devices/ValveIndex/Right/right_BaseTexture.uasset" 396
"../../../Engine/Plugins/Runtime/OpenXR/Content/Devices/ValveIndex/Right/right_BaseTexture.uexp" 397
"../../../Engine/Plugins/Runtime/OpenXR/Content/Devices/ValveIndex/Right/MI_right_ValveIndex.uasset" 398
"../../../Engine/Plugins/Runtime/OpenXR/Content/Devices/ValveIndex/Right/MI_right_ValveIndex.uexp" 399
"../../../Engine/Plugins/Runtime/OpenXR/Content/Devices/ValveIndex/Right/right_ValveIndexController.uasset" 400
"../../../Engine/Plugins/Runtime/OpenXR/Content/Devices/ValveIndex/Right/right_ValveIndexController.uexp" 401
"../../../Engine/Plugins/Runtime/OpenXR/Content/Devices/ValveIndex/Left/left_MRTexture.uasset" 402
"../../../Engine/Plugins/Runtime/OpenXR/Content/Devices/ValveIndex/Left/left_MRTexture.uexp" 403
"../../../Engine/Plugins/Runtime/OpenXR/Content/Devices/ValveIndex/Left/left_BaseTexture.uasset" 404
"../../../Engine/Plugins/Runtime/OpenXR/Content/Devices/ValveIndex/Left/left_BaseTexture.uexp" 405
"../../../Engine/Plugins/Runtime/OpenXR/Content/Devices/ValveIndex/Left/MI_left_ValveIndex.uasset" 406
"../../../Engine/Plugins/Runtime/OpenXR/Content/Devices/ValveIndex/Left/MI_left_ValveIndex.uexp" 407
"../../../Engine/Plugins/Runtime/OpenXR/Content/Devices/ValveIndex/Left/left_ValveIndexController.uasset" 408
"../../../Engine/Plugins/Runtime/OpenXR/Content/Devices/ValveIndex/Left/left_ValveIndexController.uexp" 409
"../../../Engine/Plugins/Runtime/OpenXR/Content/Devices/OculusTouch/MRTexture.uasset" 410
"../../../Engine/Plugins/Runtime/OpenXR/Content/Devices/OculusTouch/MRTexture.uexp" 411
"../../../Engine/Plugins/Runtime/OpenXR/Content/Devices/OculusTouch/BaseTexture.uasset" 412
"../../../Engine/Plugins/Runtime/OpenXR/Content/Devices/OculusTouch/BaseTexture.uexp" 413
"../../../Engine/Plugins/Runtime/OpenXR/Content/Devices/OculusTouch/MI_OculusTouch.uasset" 414
"../../../Engine/Plugins/Runtime/OpenXR/Content/Devices/OculusTouch/MI_OculusTouch.uexp" 415
"../../../Engine/Plugins/Runtime/OpenXR/Content/Devices/OculusTouch/Right/right_OculusTouchController.uasset" 416
"../../../Engine/Plugins/Runtime/OpenXR/Content/Devices/OculusTouch/Right/right_OculusTouchController.uexp" 417
"../../../Engine/Plugins/Runtime/OpenXR/Content/Devices/OculusTouch/Left/left_OculusTouchController.uasset" 418
"../../../Engine/Plugins/Runtime/OpenXR/Content/Devices/OculusTouch/Left/left_OculusTouchController.uexp" 419
"../../../Engine/Plugins/Runtime/OpenXR/Content/Devices/OculusTouch_v2/MRTexture.uasset" 420
"../../../Engine/Plugins/Runtime/OpenXR/Content/Devices/OculusTouch_v2/MRTexture.uexp" 421
"../../../Engine/Plugins/Runtime/OpenXR/Content/Devices/OculusTouch_v2/BaseTexture.uasset" 422
"../../../Engine/Plugins/Runtime/OpenXR/Content/Devices/OculusTouch_v2/BaseTexture.uexp" 423
"../../../Engine/Plugins/Runtime/OpenXR/Content/Devices/OculusTouch_v2/MI_OculusTouch_v2.uasset" 424
"../../../Engine/Plugins/Runtime/OpenXR/Content/Devices/OculusTouch_v2/MI_OculusTouch_v2.uexp" 425
"../../../Engine/Plugins/Runtime/OpenXR/Content/Devices/OculusTouch_v2/Left/left_OculusTouch_v2Controller.uasset" 426
"../../../Engine/Plugins/Runtime/OpenXR/Content/Devices/OculusTouch_v2/Left/left_OculusTouch_v2Controller.uexp" 427
"../../../Engine/Plugins/Runtime/OpenXR/Content/Devices/OculusTouch_v2/Right/right_OculusTouch_v2Controller.uasset" 428
"../../../Engine/Plugins/Runtime/OpenXR/Content/Devices/OculusTouch_v2/Right/right_OculusTouch_v2Controller.uexp" 429
"../../../Engine/Plugins/Runtime/OpenXR/Content/Devices/OculusTouch_v3/MRTexture.uasset" 430
"../../../Engine/Plugins/Runtime/OpenXR/Content/Devices/OculusTouch_v3/MRTexture.uexp" 431
"../../../Engine/Plugins/Runtime/OpenXR/Content/Devices/OculusTouch_v3/BaseTexture.uasset" 432
"../../../Engine/Plugins/Runtime/OpenXR/Content/Devices/OculusTouch_v3/BaseTexture.uexp" 433
"../../../Engine/Plugins/Runtime/OpenXR/Content/Devices/OculusTouch_v3/MI_OculusTouch_v3.uasset" 434
"../../../Engine/Plugins/Runtime/OpenXR/Content/Devices/OculusTouch_v3/MI_OculusTouch_v3.uexp" 435
"../../../Engine/Plugins/Runtime/OpenXR/Content/Devices/OculusTouch_v3/Right/right_OculusTouch_v3Controller.uasset" 436
"../../../Engine/Plugins/Runtime/OpenXR/Content/Devices/OculusTouch_v3/Right/right_OculusTouch_v3Controller.uexp" 437
"../../../Engine/Plugins/Runtime/OpenXR/Content/Devices/OculusTouch_v3/Left/left_OculusTouch_v3Controller.uasset" 438
"../../../Engine/Plugins/Runtime/OpenXR/Content/Devices/OculusTouch_v3/Left/left_OculusTouch_v3Controller.uexp" 439
"../../../Engine/Plugins/Runtime/OpenXR/Content/Devices/GoogleDaydream/MRTexture.uasset" 440
"../../../Engine/Plugins/Runtime/OpenXR/Content/Devices/GoogleDaydream/MRTexture.uexp" 441
"../../../Engine/Plugins/Runtime/OpenXR/Content/Devices/GoogleDaydream/BaseTexture.uasset" 442
"../../../Engine/Plugins/Runtime/OpenXR/Content/Devices/GoogleDaydream/BaseTexture.uexp" 443
"../../../Engine/Plugins/Runtime/OpenXR/Content/Devices/GoogleDaydream/MI_GoogleDaydream.uasset" 444
"../../../Engine/Plugins/Runtime/OpenXR/Content/Devices/GoogleDaydream/MI_GoogleDaydream.uexp" 445
"../../../Engine/Plugins/Runtime/OpenXR/Content/Devices/GoogleDaydream/GoogleDaydreamController.uasset" 446
"../../../Engine/Plugins/Runtime/OpenXR/Content/Devices/GoogleDaydream/GoogleDaydreamController.uexp" 447
"../../../Engine/Plugins/Runtime/OpenXR/Content/Devices/OculusGo/BaseTexture.uasset" 448
"../../../Engine/Plugins/Runtime/OpenXR/Content/Devices/OculusGo/BaseTexture.uexp" 449
"../../../Engine/Plugins/Runtime/OpenXR/Content/Devices/OculusGo/MI_OculusGo.uasset" 450
"../../../Engine/Plugins/Runtime/OpenXR/Content/Devices/OculusGo/MI_OculusGo.uexp" 451
"../../../Engine/Plugins/Runtime/OpenXR/Content/Devices/OculusGo/OculusGoController.uasset" 452
"../../../Engine/Plugins/Runtime/OpenXR/Content/Devices/OculusGo/OculusGoController.uexp" 453
"../../../Engine/Content/Functions/Engine_MaterialFunctions02/Utility/BreakOutFloat4Components.uasset" 454
"../../../Engine/Content/Functions/Engine_MaterialFunctions02/Utility/BreakOutFloat4Components.uexp" 455
"../../../Engine/Content/Functions/Engine_MaterialFunctions02/Utility/MakeFloat3.uasset" 456
"../../../Engine/Content/Functions/Engine_MaterialFunctions02/Utility/MakeFloat3.uexp" 457
"../../../Engine/Plugins/Runtime/Oculus/OculusVR/Content/Materials/OculusMR_ChromaKey.uasset" 458
"../../../Engine/Plugins/Runtime/Oculus/OculusVR/Content/Materials/OculusMR_ChromaKey.uexp" 459
"../../../Engine/Plugins/Runtime/Oculus/OculusVR/Content/Materials/PokeAHoleMaterial.uasset" 460
"../../../Engine/Plugins/Runtime/Oculus/OculusVR/Content/Materials/PokeAHoleMaterial.uexp" 461
"../../../Engine/Plugins/Runtime/Oculus/OculusVR/Content/Materials/OculusMR_OpaqueColoredMaterial.uasset" 462
"../../../Engine/Plugins/Runtime/Oculus/OculusVR/Content/Materials/OculusMR_OpaqueColoredMaterial.uexp" 463
"../../../Engine/Plugins/Runtime/Oculus/OculusVR/Content/Textures/touchController_controlmap.uasset" 464
"../../../Engine/Plugins/Runtime/Oculus/OculusVR/Content/Textures/touchController_controlmap.uexp" 465
"../../../Engine/Plugins/Runtime/Oculus/OculusVR/Content/Textures/touchController_albedo.uasset" 466
"../../../Engine/Plugins/Runtime/Oculus/OculusVR/Content/Textures/touchController_albedo.uexp" 467
"../../../Engine/Plugins/Runtime/Oculus/OculusVR/Content/Materials/touchController_mat.uasset" 468
"../../../Engine/Plugins/Runtime/Oculus/OculusVR/Content/Materials/touchController_mat.uexp" 469
"../../../Engine/Plugins/Runtime/Oculus/OculusVR/Content/Meshes/LeftTouchController.uasset" 470
"../../../Engine/Plugins/Runtime/Oculus/OculusVR/Content/Meshes/LeftTouchController.uexp" 471
"../../../Engine/Plugins/Runtime/Oculus/OculusVR/Content/Meshes/RiftHMD.uasset" 472
"../../../Engine/Plugins/Runtime/Oculus/OculusVR/Content/Meshes/RiftHMD.uexp" 473
"../../../Engine/Plugins/Runtime/Oculus/OculusVR/Content/Textures/TouchForQuestRiftSController_albedo.uasset" 474
"../../../Engine/Plugins/Runtime/Oculus/OculusVR/Content/Textures/TouchForQuestRiftSController_albedo.uexp" 475
"../../../Engine/Plugins/Runtime/Oculus/OculusVR/Content/Materials/TouchForQuestRiftSControllerMaterial.uasset" 476
"../../../Engine/Plugins/Runtime/Oculus/OculusVR/Content/Materials/TouchForQuestRiftSControllerMaterial.uexp" 477
"../../../Engine/Plugins/Runtime/Oculus/OculusVR/Content/Meshes/LeftTouchForQuestRiftSController.uasset" 478
"../../../Engine/Plugins/Runtime/Oculus/OculusVR/Content/Meshes/LeftTouchForQuestRiftSController.uexp" 479
"../../../Engine/Plugins/Runtime/Oculus/OculusVR/Content/Meshes/RightTouchForQuestRiftSController.uasset" 480
"../../../Engine/Plugins/Runtime/Oculus/OculusVR/Content/Meshes/RightTouchForQuestRiftSController.uexp" 481
"../../../Engine/Plugins/Runtime/Oculus/OculusVR/Content/Meshes/RightTouchController.uasset" 482
"../../../Engine/Plugins/Runtime/Oculus/OculusVR/Content/Meshes/RightTouchController.uexp" 483
"../../../Engine/Content/EditorBlueprintResources/StandardMacros.uasset" 484
"../../../Engine/Content/EditorBlueprintResources/StandardMacros.uexp" 485
"C:/Users/Aleksandr/Documents/Unreal Projects/Planet_Strat/Content/GUI/W_Settings.uasset" 486
"C:/Users/Aleksandr/Documents/Unreal Projects/Planet_Strat/Content/GUI/W_Settings.uexp" 487
"C:/Users/Aleksandr/Documents/Unreal Projects/Planet_Strat/Content/GUI/W_SessionInfo.uasset" 488
"C:/Users/Aleksandr/Documents/Unreal Projects/Planet_Strat/Content/GUI/W_SessionInfo.uexp" 489
"C:/Users/Aleksandr/Documents/Unreal Projects/Planet_Strat/Content/GUI/W_FindServers.uasset" 490
"C:/Users/Aleksandr/Documents/Unreal Projects/Planet_Strat/Content/GUI/W_FindServers.uexp" 491
"C:/Users/Aleksandr/Documents/Unreal Projects/Planet_Strat/Content/GUI/W_MainMenu.uasset" 492
"C:/Users/Aleksandr/Documents/Unreal Projects/Planet_Strat/Content/GUI/W_MainMenu.uexp" 493
"C:/Users/Aleksandr/Documents/Unreal Projects/Planet_Strat/Content/Maps/Main_Menu.uexp" 494
"C:/Users/Aleksandr/Documents/Unreal Projects/Planet_Strat/Content/Maps/Main_Menu.umap" 495
"C:/Users/Aleksandr/Documents/Unreal Projects/Planet_Strat/Content/Actors/StaticActors/Home/________________.uasset" 496
"C:/Users/Aleksandr/Documents/Unreal Projects/Planet_Strat/Content/Actors/StaticActors/Home/________________.uexp" 497
"C:/Users/Aleksandr/Documents/Unreal Projects/Planet_Strat/Content/Actors/StaticActors/Home/Mat_Table.uasset" 498
"C:/Users/Aleksandr/Documents/Unreal Projects/Planet_Strat/Content/Actors/StaticActors/Home/Mat_Table.uexp" 499
"C:/Users/Aleksandr/Documents/Unreal Projects/Planet_Strat/Content/Actors/StaticActors/Home/Mat_Special.uasset" 500
"C:/Users/Aleksandr/Documents/Unreal Projects/Planet_Strat/Content/Actors/StaticActors/Home/Mat_Special.uexp" 501
"C:/Users/Aleksandr/Documents/Unreal Projects/Planet_Strat/Content/Actors/StaticActors/Home/Mat_Main.uasset" 502
"C:/Users/Aleksandr/Documents/Unreal Projects/Planet_Strat/Content/Actors/StaticActors/Home/Mat_Main.uexp" 503
"C:/Users/Aleksandr/Documents/Unreal Projects/Planet_Strat/Content/Actors/StaticActors/Home/home_3.uasset" 504
"C:/Users/Aleksandr/Documents/Unreal Projects/Planet_Strat/Content/Actors/StaticActors/Home/home_3.uexp" 505
"C:/Users/Aleksandr/Documents/Unreal Projects/Planet_Strat/Content/Actors/StaticActors/Home/home_2.uasset" 506
"C:/Users/Aleksandr/Documents/Unreal Projects/Planet_Strat/Content/Actors/StaticActors/Home/home_2.uexp" 507
"../../../Engine/Content/EngineSky/T_Sky_Stars.uasset" 508
"../../../Engine/Content/EngineSky/T_Sky_Stars.uexp" 509
"../../../Engine/Content/EngineSky/T_Sky_Clouds_M.uasset" 510
"../../../Engine/Content/EngineSky/T_Sky_Clouds_M.uexp" 511
"../../../Engine/Content/EngineSky/T_Sky_Blue.uasset" 512
"../../../Engine/Content/EngineSky/T_Sky_Blue.uexp" 513
"../../../Engine/Content/EngineSky/M_Sky_Panning_Clouds2.uasset" 514
"../../../Engine/Content/EngineSky/M_Sky_Panning_Clouds2.uexp" 515
"C:/Users/Aleksandr/Documents/Unreal Projects/Planet_Strat/Content/Maps/Map_1_BuiltData.uasset" 516
"C:/Users/Aleksandr/Documents/Unreal Projects/Planet_Strat/Content/Maps/Map_1_BuiltData.uexp" 517
"C:/Users/Aleksandr/Documents/Unreal Projects/Planet_Strat/Content/States/BP_PlayerState.uasset" 518
"C:/Users/Aleksandr/Documents/Unreal Projects/Planet_Strat/Content/States/BP_PlayerState.uexp" 519
"C:/Users/Aleksandr/Documents/Unreal Projects/Planet_Strat/Content/States/BP_MyGameState.uasset" 520
"C:/Users/Aleksandr/Documents/Unreal Projects/Planet_Strat/Content/States/BP_MyGameState.uexp" 521
"../../../Engine/Content/EditorBlueprintResources/ActorMacros.uasset" 522
"../../../Engine/Content/EditorBlueprintResources/ActorMacros.uexp" 523
"C:/Users/Aleksandr/Documents/Unreal Projects/Planet_Strat/Content/GUI/W_IngameMainMenu.uasset" 524
"C:/Users/Aleksandr/Documents/Unreal Projects/Planet_Strat/Content/GUI/W_IngameMainMenu.uexp" 525
"C:/Users/Aleksandr/Documents/Unreal Projects/Planet_Strat/Content/GUI/W_InGame_GUI.uasset" 526
"C:/Users/Aleksandr/Documents/Unreal Projects/Planet_Strat/Content/GUI/W_InGame_GUI.uexp" 527
"C:/Users/Aleksandr/Documents/Unreal Projects/Planet_Strat/Content/Other/BP_MyPlayerController.uasset" 528
"C:/Users/Aleksandr/Documents/Unreal Projects/Planet_Strat/Content/Other/BP_MyPlayerController.uexp" 529
"C:/Users/Aleksandr/Documents/Unreal Projects/Planet_Strat/Content/Actors/Pawn/MassOfBody.uasset" 530
"C:/Users/Aleksandr/Documents/Unreal Projects/Planet_Strat/Content/Actors/Pawn/MassOfBody.uexp" 531
"C:/Users/Aleksandr/Documents/Unreal Projects/Planet_Strat/Content/Actors/Pawn/Mat_Head.uasset" 532
"C:/Users/Aleksandr/Documents/Unreal Projects/Planet_Strat/Content/Actors/Pawn/Mat_Head.uexp" 533
"C:/Users/Aleksandr/Documents/Unreal Projects/Planet_Strat/Content/Actors/Pawn/character_head.uasset" 534
"C:/Users/Aleksandr/Documents/Unreal Projects/Planet_Strat/Content/Actors/Pawn/character_head.uexp" 535
"C:/Users/Aleksandr/Documents/Unreal Projects/Planet_Strat/Content/Actors/Pawn/Mat_Body.uasset" 536
"C:/Users/Aleksandr/Documents/Unreal Projects/Planet_Strat/Content/Actors/Pawn/Mat_Body.uexp" 537
"C:/Users/Aleksandr/Documents/Unreal Projects/Planet_Strat/Content/Actors/Pawn/character_body.uasset" 538
"C:/Users/Aleksandr/Documents/Unreal Projects/Planet_Strat/Content/Actors/Pawn/character_body.uexp" 539
"C:/Users/Aleksandr/Documents/Unreal Projects/Planet_Strat/Content/Actors/Pawn/BP_PawnNormal.uasset" 540
"C:/Users/Aleksandr/Documents/Unreal Projects/Planet_Strat/Content/Actors/Pawn/BP_PawnNormal.uexp" 541
"C:/Users/Aleksandr/Documents/Unreal Projects/Planet_Strat/Content/Gamemodes/BP_MyGameMode.uasset" 542
"C:/Users/Aleksandr/Documents/Unreal Projects/Planet_Strat/Content/Gamemodes/BP_MyGameMode.uexp" 543
"C:/Users/Aleksandr/Documents/Unreal Projects/Planet_Strat/Content/Actors/StaticActors/Home/home_1.uasset" 544
"C:/Users/Aleksandr/Documents/Unreal Projects/Planet_Strat/Content/Actors/StaticActors/Home/home_1.uexp" 545
"C:/Users/Aleksandr/Documents/Unreal Projects/Planet_Strat/Content/Actors/StaticActors/Home/BP_MyHome.uasset" 546
"C:/Users/Aleksandr/Documents/Unreal Projects/Planet_Strat/Content/Actors/StaticActors/Home/BP_MyHome.uexp" 547
"C:/Users/Aleksandr/Documents/Unreal Projects/Planet_Strat/Content/Actors/StaticActors/Conveyor/________________1.uasset" 548
"C:/Users/Aleksandr/Documents/Unreal Projects/Planet_Strat/Content/Actors/StaticActors/Conveyor/________________1.uexp" 549
"C:/Users/Aleksandr/Documents/Unreal Projects/Planet_Strat/Content/Actors/StaticActors/Conveyor/conveyorEffects.uasset" 550
"C:/Users/Aleksandr/Documents/Unreal Projects/Planet_Strat/Content/Actors/StaticActors/Conveyor/conveyorEffects.uexp" 551
"C:/Users/Aleksandr/Documents/Unreal Projects/Planet_Strat/Content/Actors/StaticActors/Conveyor/_________________001.uasset" 552
"C:/Users/Aleksandr/Documents/Unreal Projects/Planet_Strat/Content/Actors/StaticActors/Conveyor/_________________001.uexp" 553
"C:/Users/Aleksandr/Documents/Unreal Projects/Planet_Strat/Content/Actors/StaticActors/Conveyor/________________.uasset" 554
"C:/Users/Aleksandr/Documents/Unreal Projects/Planet_Strat/Content/Actors/StaticActors/Conveyor/________________.uexp" 555
"C:/Users/Aleksandr/Documents/Unreal Projects/Planet_Strat/Content/Actors/StaticActors/Conveyor/conveyorBody.uasset" 556
"C:/Users/Aleksandr/Documents/Unreal Projects/Planet_Strat/Content/Actors/StaticActors/Conveyor/conveyorBody.uexp" 557
"C:/Users/Aleksandr/Documents/Unreal Projects/Planet_Strat/Content/Actors/StaticActors/Conveyor/BP_Conveyor.uasset" 558
"C:/Users/Aleksandr/Documents/Unreal Projects/Planet_Strat/Content/Actors/StaticActors/Conveyor/BP_Conveyor.uexp" 559
"C:/Users/Aleksandr/Documents/Unreal Projects/Planet_Strat/Content/Actors/StaticActors/BillboardWithInfo/BP_BillboardWithInfo.uasset" 560
"C:/Users/Aleksandr/Documents/Unreal Projects/Planet_Strat/Content/Actors/StaticActors/BillboardWithInfo/BP_BillboardWithInfo.uexp" 561
"C:/Users/Aleksandr/Documents/Unreal Projects/Planet_Strat/Content/Actors/Other/Planet/________________.uasset" 562
"C:/Users/Aleksandr/Documents/Unreal Projects/Planet_Strat/Content/Actors/Other/Planet/________________.uexp" 563
"C:/Users/Aleksandr/Documents/Unreal Projects/Planet_Strat/Content/Actors/Other/Planet/planet.uasset" 564
"C:/Users/Aleksandr/Documents/Unreal Projects/Planet_Strat/Content/Actors/Other/Planet/planet.uexp" 565
"C:/Users/Aleksandr/Documents/Unreal Projects/Planet_Strat/Content/Actors/Other/Planet/BP_ActorPlanet.uasset" 566
"C:/Users/Aleksandr/Documents/Unreal Projects/Planet_Strat/Content/Actors/Other/Planet/BP_ActorPlanet.uexp" 567
"C:/Users/Aleksandr/Documents/Unreal Projects/Planet_Strat/Content/Actors/Other/BP_BoxSender.uasset" 568
"C:/Users/Aleksandr/Documents/Unreal Projects/Planet_Strat/Content/Actors/Other/BP_BoxSender.uexp" 569
"C:/Users/Aleksandr/Documents/Unreal Projects/Planet_Strat/Content/Actors/Other/BP_BoxPacker.uasset" 570
"C:/Users/Aleksandr/Documents/Unreal Projects/Planet_Strat/Content/Actors/Other/BP_BoxPacker.uexp" 571
"C:/Users/Aleksandr/Documents/Unreal Projects/Planet_Strat/Content/Actors/InteractiveStatic/Material.uasset" 572
"C:/Users/Aleksandr/Documents/Unreal Projects/Planet_Strat/Content/Actors/InteractiveStatic/Material.uexp" 573
"C:/Users/Aleksandr/Documents/Unreal Projects/Planet_Strat/Content/Actors/InteractiveStatic/ButtonStaticPart.uasset" 574
"C:/Users/Aleksandr/Documents/Unreal Projects/Planet_Strat/Content/Actors/InteractiveStatic/ButtonStaticPart.uexp" 575
"C:/Users/Aleksandr/Documents/Unreal Projects/Planet_Strat/Content/Actors/InteractiveStatic/________________.uasset" 576
"C:/Users/Aleksandr/Documents/Unreal Projects/Planet_Strat/Content/Actors/InteractiveStatic/________________.uexp" 577
"C:/Users/Aleksandr/Documents/Unreal Projects/Planet_Strat/Content/Actors/InteractiveStatic/ButtonMovingPart.uasset" 578
"C:/Users/Aleksandr/Documents/Unreal Projects/Planet_Strat/Content/Actors/InteractiveStatic/ButtonMovingPart.uexp" 579
"C:/Users/Aleksandr/Documents/Unreal Projects/Planet_Strat/Content/Actors/InteractiveStatic/BP_InteractiveButton.uasset" 580
"C:/Users/Aleksandr/Documents/Unreal Projects/Planet_Strat/Content/Actors/InteractiveStatic/BP_InteractiveButton.uexp" 581
"C:/Users/Aleksandr/Documents/Unreal Projects/Planet_Strat/Content/Actors/Cube/Mat_Round_Near_Entrence.uasset" 582
"C:/Users/Aleksandr/Documents/Unreal Projects/Planet_Strat/Content/Actors/Cube/Mat_Round_Near_Entrence.uexp" 583
"C:/Users/Aleksandr/Documents/Unreal Projects/Planet_Strat/Content/Actors/Cube/Mat_main.uasset" 584
"C:/Users/Aleksandr/Documents/Unreal Projects/Planet_Strat/Content/Actors/Cube/Mat_main.uexp" 585
"C:/Users/Aleksandr/Documents/Unreal Projects/Planet_Strat/Content/Actors/Cube/Mat_Entrence.uasset" 586
"C:/Users/Aleksandr/Documents/Unreal Projects/Planet_Strat/Content/Actors/Cube/Mat_Entrence.uexp" 587
"C:/Users/Aleksandr/Documents/Unreal Projects/Planet_Strat/Content/Actors/Cube/cube.uasset" 588
"C:/Users/Aleksandr/Documents/Unreal Projects/Planet_Strat/Content/Actors/Cube/cube.uexp" 589
"C:/Users/Aleksandr/Documents/Unreal Projects/Planet_Strat/Content/Actors/Cube/BP_ActorBox.uasset" 590
"C:/Users/Aleksandr/Documents/Unreal Projects/Planet_Strat/Content/Actors/Cube/BP_ActorBox.uexp" 591
"../../../Engine/Content/EngineSky/C_Sky_Zenith_Color.uasset" 592
"../../../Engine/Content/EngineSky/C_Sky_Zenith_Color.uexp" 593
"../../../Engine/Content/EngineSky/C_Sky_Horizon_Color.uasset" 594
"../../../Engine/Content/EngineSky/C_Sky_Horizon_Color.uexp" 595
"../../../Engine/Content/EngineSky/C_Sky_Cloud_Color.uasset" 596
"../../../Engine/Content/EngineSky/C_Sky_Cloud_Color.uexp" 597
"../../../Engine/Content/EngineSky/SM_SkySphere.uasset" 598
"../../../Engine/Content/EngineSky/SM_SkySphere.uexp" 599
"../../../Engine/Content/EngineSky/BP_Sky_Sphere.uasset" 600
"../../../Engine/Content/EngineSky/BP_Sky_Sphere.uexp" 601
"C:/Users/Aleksandr/Documents/Unreal Projects/Planet_Strat/Content/Images/94-947400_square-3d-shape-png-clipart.uasset" 602
"C:/Users/Aleksandr/Documents/Unreal Projects/Planet_Strat/Content/Images/94-947400_square-3d-shape-png-clipart.uexp" 603
"C:/Users/Aleksandr/Documents/Unreal Projects/Planet_Strat/Content/Actors/Other/BP_Spawner.uasset" 604
"C:/Users/Aleksandr/Documents/Unreal Projects/Planet_Strat/Content/Actors/Other/BP_Spawner.uexp" 605
"C:/Users/Aleksandr/Documents/Unreal Projects/Planet_Strat/Content/Actors/Other/BP_PlayerStartForPlanet.uasset" 606
"C:/Users/Aleksandr/Documents/Unreal Projects/Planet_Strat/Content/Actors/Other/BP_PlayerStartForPlanet.uexp" 607
"C:/Users/Aleksandr/Documents/Unreal Projects/Planet_Strat/Content/Maps/Map_1.uexp" 608
"C:/Users/Aleksandr/Documents/Unreal Projects/Planet_Strat/Content/Maps/Map_1.umap" 609
